10:47:20 cfdm-MS-7A15 SmartSim {/home/cfdm/OpenFOAM_Opt/pitzDaily_opt/Tune_K_Epsilon} [806931:MainThread] INFO default_simulation(806948): SmartSimStatus.STATUS_RUNNING
10:47:25 cfdm-MS-7A15 SmartSim {/home/cfdm/OpenFOAM_Opt/pitzDaily_opt/Tune_K_Epsilon} [806931:MainThread] INFO default_simulation(806948): SmartSimStatus.STATUS_RUNNING
10:47:38 cfdm-MS-7A15 SmartSim {/home/cfdm/OpenFOAM_Opt/pitzDaily_opt/Tune_K_Epsilon} [806931:MainThread] INFO evaluation_0(806970): SmartSimStatus.STATUS_RUNNING
10:47:38 cfdm-MS-7A15 SmartSim {/home/cfdm/OpenFOAM_Opt/pitzDaily_opt/Tune_K_Epsilon} [806931:MainThread] INFO evaluation_1(806974): SmartSimStatus.STATUS_RUNNING
10:47:38 cfdm-MS-7A15 SmartSim {/home/cfdm/OpenFOAM_Opt/pitzDaily_opt/Tune_K_Epsilon} [806931:MainThread] INFO evaluation_2(806978): SmartSimStatus.STATUS_RUNNING
10:47:38 cfdm-MS-7A15 SmartSim {/home/cfdm/OpenFOAM_Opt/pitzDaily_opt/Tune_K_Epsilon} [806931:MainThread] INFO evaluation_3(806987): SmartSimStatus.STATUS_RUNNING
10:47:38 cfdm-MS-7A15 SmartSim {/home/cfdm/OpenFOAM_Opt/pitzDaily_opt/Tune_K_Epsilon} [806931:MainThread] INFO evaluation_4(806992): SmartSimStatus.STATUS_RUNNING
10:47:43 cfdm-MS-7A15 SmartSim {/home/cfdm/OpenFOAM_Opt/pitzDaily_opt/Tune_K_Epsilon} [806931:MainThread] INFO evaluation_0(806970): SmartSimStatus.STATUS_RUNNING
10:47:43 cfdm-MS-7A15 SmartSim {/home/cfdm/OpenFOAM_Opt/pitzDaily_opt/Tune_K_Epsilon} [806931:MainThread] INFO evaluation_1(806974): SmartSimStatus.STATUS_RUNNING
10:47:43 cfdm-MS-7A15 SmartSim {/home/cfdm/OpenFOAM_Opt/pitzDaily_opt/Tune_K_Epsilon} [806931:MainThread] INFO evaluation_2(806978): SmartSimStatus.STATUS_RUNNING
10:47:43 cfdm-MS-7A15 SmartSim {/home/cfdm/OpenFOAM_Opt/pitzDaily_opt/Tune_K_Epsilon} [806931:MainThread] INFO evaluation_3(806987): SmartSimStatus.STATUS_RUNNING
10:47:43 cfdm-MS-7A15 SmartSim {/home/cfdm/OpenFOAM_Opt/pitzDaily_opt/Tune_K_Epsilon} [806931:MainThread] INFO evaluation_4(806992): SmartSimStatus.STATUS_RUNNING
10:47:48 cfdm-MS-7A15 SmartSim {/home/cfdm/OpenFOAM_Opt/pitzDaily_opt/Tune_K_Epsilon} [806931:MainThread] INFO evaluation_1(806974): SmartSimStatus.STATUS_COMPLETED
10:47:48 cfdm-MS-7A15 SmartSim {/home/cfdm/OpenFOAM_Opt/pitzDaily_opt/Tune_K_Epsilon} [806931:MainThread] INFO evaluation_3(806987): SmartSimStatus.STATUS_RUNNING
10:47:48 cfdm-MS-7A15 SmartSim {/home/cfdm/OpenFOAM_Opt/pitzDaily_opt/Tune_K_Epsilon} [806931:MainThread] INFO evaluation_4(806992): SmartSimStatus.STATUS_RUNNING
11:37:55 cfdm-MS-7A15 SmartSim {/home/cfdm/OpenFOAM_Opt/pitzDaily_opt/Tune_K_Epsilon} [807705:MainThread] INFO default_simulation(807716): SmartSimStatus.STATUS_RUNNING
11:38:09 cfdm-MS-7A15 SmartSim {/home/cfdm/OpenFOAM_Opt/pitzDaily_opt/Tune_K_Epsilon} [807705:MainThread] INFO evaluation_0(807745): SmartSimStatus.STATUS_RUNNING
11:38:09 cfdm-MS-7A15 SmartSim {/home/cfdm/OpenFOAM_Opt/pitzDaily_opt/Tune_K_Epsilon} [807705:MainThread] INFO evaluation_1(807749): SmartSimStatus.STATUS_RUNNING
11:38:09 cfdm-MS-7A15 SmartSim {/home/cfdm/OpenFOAM_Opt/pitzDaily_opt/Tune_K_Epsilon} [807705:MainThread] INFO evaluation_2(807755): SmartSimStatus.STATUS_RUNNING
11:38:09 cfdm-MS-7A15 SmartSim {/home/cfdm/OpenFOAM_Opt/pitzDaily_opt/Tune_K_Epsilon} [807705:MainThread] INFO evaluation_3(807762): SmartSimStatus.STATUS_RUNNING
11:38:09 cfdm-MS-7A15 SmartSim {/home/cfdm/OpenFOAM_Opt/pitzDaily_opt/Tune_K_Epsilon} [807705:MainThread] INFO evaluation_4(807767): SmartSimStatus.STATUS_RUNNING
11:38:14 cfdm-MS-7A15 SmartSim {/home/cfdm/OpenFOAM_Opt/pitzDaily_opt/Tune_K_Epsilon} [807705:MainThread] INFO evaluation_0(807745): SmartSimStatus.STATUS_RUNNING
11:38:14 cfdm-MS-7A15 SmartSim {/home/cfdm/OpenFOAM_Opt/pitzDaily_opt/Tune_K_Epsilon} [807705:MainThread] INFO evaluation_1(807749): SmartSimStatus.STATUS_RUNNING
11:38:14 cfdm-MS-7A15 SmartSim {/home/cfdm/OpenFOAM_Opt/pitzDaily_opt/Tune_K_Epsilon} [807705:MainThread] INFO evaluation_2(807755): SmartSimStatus.STATUS_RUNNING
11:38:14 cfdm-MS-7A15 SmartSim {/home/cfdm/OpenFOAM_Opt/pitzDaily_opt/Tune_K_Epsilon} [807705:MainThread] INFO evaluation_3(807762): SmartSimStatus.STATUS_RUNNING
11:38:14 cfdm-MS-7A15 SmartSim {/home/cfdm/OpenFOAM_Opt/pitzDaily_opt/Tune_K_Epsilon} [807705:MainThread] INFO evaluation_4(807767): SmartSimStatus.STATUS_RUNNING
11:38:19 cfdm-MS-7A15 SmartSim {/home/cfdm/OpenFOAM_Opt/pitzDaily_opt/Tune_K_Epsilon} [807705:MainThread] INFO evaluation_0(807745): SmartSimStatus.STATUS_RUNNING
11:38:19 cfdm-MS-7A15 SmartSim {/home/cfdm/OpenFOAM_Opt/pitzDaily_opt/Tune_K_Epsilon} [807705:MainThread] INFO evaluation_1(807749): SmartSimStatus.STATUS_RUNNING
11:38:19 cfdm-MS-7A15 SmartSim {/home/cfdm/OpenFOAM_Opt/pitzDaily_opt/Tune_K_Epsilon} [807705:MainThread] INFO evaluation_2(807755): SmartSimStatus.STATUS_RUNNING
11:38:19 cfdm-MS-7A15 SmartSim {/home/cfdm/OpenFOAM_Opt/pitzDaily_opt/Tune_K_Epsilon} [807705:MainThread] INFO evaluation_3(807762): SmartSimStatus.STATUS_RUNNING
11:38:19 cfdm-MS-7A15 SmartSim {/home/cfdm/OpenFOAM_Opt/pitzDaily_opt/Tune_K_Epsilon} [807705:MainThread] INFO evaluation_4(807767): SmartSimStatus.STATUS_RUNNING
11:38:24 cfdm-MS-7A15 SmartSim {/home/cfdm/OpenFOAM_Opt/pitzDaily_opt/Tune_K_Epsilon} [807705:MainThread] INFO evaluation_3(807762): SmartSimStatus.STATUS_COMPLETED
11:48:39 cfdm-MS-7A15 SmartSim {/home/cfdm/OpenFOAM_Opt/pitzDaily_opt/Tune_K_Epsilon} [807902:MainThread] INFO default_simulation_1749536313(807913): SmartSimStatus.STATUS_RUNNING
11:48:53 cfdm-MS-7A15 SmartSim {/home/cfdm/OpenFOAM_Opt/pitzDaily_opt/Tune_K_Epsilon} [807902:MainThread] INFO evaluation_1749536324_0(807935): SmartSimStatus.STATUS_RUNNING
11:48:53 cfdm-MS-7A15 SmartSim {/home/cfdm/OpenFOAM_Opt/pitzDaily_opt/Tune_K_Epsilon} [807902:MainThread] INFO evaluation_1749536324_1(807939): SmartSimStatus.STATUS_RUNNING
11:48:53 cfdm-MS-7A15 SmartSim {/home/cfdm/OpenFOAM_Opt/pitzDaily_opt/Tune_K_Epsilon} [807902:MainThread] INFO evaluation_1749536324_2(807945): SmartSimStatus.STATUS_RUNNING
11:48:53 cfdm-MS-7A15 SmartSim {/home/cfdm/OpenFOAM_Opt/pitzDaily_opt/Tune_K_Epsilon} [807902:MainThread] INFO evaluation_1749536324_3(807952): SmartSimStatus.STATUS_RUNNING
11:48:53 cfdm-MS-7A15 SmartSim {/home/cfdm/OpenFOAM_Opt/pitzDaily_opt/Tune_K_Epsilon} [807902:MainThread] INFO evaluation_1749536324_4(807957): SmartSimStatus.STATUS_RUNNING
11:48:58 cfdm-MS-7A15 SmartSim {/home/cfdm/OpenFOAM_Opt/pitzDaily_opt/Tune_K_Epsilon} [807902:MainThread] INFO evaluation_1749536324_0(807935): SmartSimStatus.STATUS_RUNNING
11:48:58 cfdm-MS-7A15 SmartSim {/home/cfdm/OpenFOAM_Opt/pitzDaily_opt/Tune_K_Epsilon} [807902:MainThread] INFO evaluation_1749536324_1(807939): SmartSimStatus.STATUS_RUNNING
11:48:58 cfdm-MS-7A15 SmartSim {/home/cfdm/OpenFOAM_Opt/pitzDaily_opt/Tune_K_Epsilon} [807902:MainThread] INFO evaluation_1749536324_2(807945): SmartSimStatus.STATUS_RUNNING
11:48:58 cfdm-MS-7A15 SmartSim {/home/cfdm/OpenFOAM_Opt/pitzDaily_opt/Tune_K_Epsilon} [807902:MainThread] INFO evaluation_1749536324_3(807952): SmartSimStatus.STATUS_RUNNING
11:48:58 cfdm-MS-7A15 SmartSim {/home/cfdm/OpenFOAM_Opt/pitzDaily_opt/Tune_K_Epsilon} [807902:MainThread] INFO evaluation_1749536324_4(807957): SmartSimStatus.STATUS_RUNNING
11:49:03 cfdm-MS-7A15 SmartSim {/home/cfdm/OpenFOAM_Opt/pitzDaily_opt/Tune_K_Epsilon} [807902:MainThread] INFO evaluation_1749536324_1(807939): SmartSimStatus.STATUS_COMPLETED
11:49:03 cfdm-MS-7A15 SmartSim {/home/cfdm/OpenFOAM_Opt/pitzDaily_opt/Tune_K_Epsilon} [807902:MainThread] INFO evaluation_1749536324_2(807945): SmartSimStatus.STATUS_RUNNING
11:49:03 cfdm-MS-7A15 SmartSim {/home/cfdm/OpenFOAM_Opt/pitzDaily_opt/Tune_K_Epsilon} [807902:MainThread] INFO evaluation_1749536324_3(807952): SmartSimStatus.STATUS_RUNNING
11:49:03 cfdm-MS-7A15 SmartSim {/home/cfdm/OpenFOAM_Opt/pitzDaily_opt/Tune_K_Epsilon} [807902:MainThread] INFO evaluation_1749536324_4(807957): SmartSimStatus.STATUS_RUNNING
11:54:52 cfdm-MS-7A15 SmartSim {/home/cfdm/OpenFOAM_Opt/pitzDaily_opt/Tune_K_Epsilon} [808005:MainThread] INFO default_simulation_1749536687(808017): SmartSimStatus.STATUS_RUNNING
11:54:57 cfdm-MS-7A15 SmartSim {/home/cfdm/OpenFOAM_Opt/pitzDaily_opt/Tune_K_Epsilon} [808005:MainThread] INFO default_simulation_1749536687(808017): SmartSimStatus.STATUS_RUNNING
11:55:11 cfdm-MS-7A15 SmartSim {/home/cfdm/OpenFOAM_Opt/pitzDaily_opt/Tune_K_Epsilon} [808005:MainThread] INFO evaluation_1749536702_0(808039): SmartSimStatus.STATUS_RUNNING
11:55:11 cfdm-MS-7A15 SmartSim {/home/cfdm/OpenFOAM_Opt/pitzDaily_opt/Tune_K_Epsilon} [808005:MainThread] INFO evaluation_1749536702_1(808043): SmartSimStatus.STATUS_RUNNING
11:55:11 cfdm-MS-7A15 SmartSim {/home/cfdm/OpenFOAM_Opt/pitzDaily_opt/Tune_K_Epsilon} [808005:MainThread] INFO evaluation_1749536702_2(808049): SmartSimStatus.STATUS_RUNNING
11:55:11 cfdm-MS-7A15 SmartSim {/home/cfdm/OpenFOAM_Opt/pitzDaily_opt/Tune_K_Epsilon} [808005:MainThread] INFO evaluation_1749536702_3(808056): SmartSimStatus.STATUS_RUNNING
11:55:11 cfdm-MS-7A15 SmartSim {/home/cfdm/OpenFOAM_Opt/pitzDaily_opt/Tune_K_Epsilon} [808005:MainThread] INFO evaluation_1749536702_4(808061): SmartSimStatus.STATUS_RUNNING
11:55:16 cfdm-MS-7A15 SmartSim {/home/cfdm/OpenFOAM_Opt/pitzDaily_opt/Tune_K_Epsilon} [808005:MainThread] INFO evaluation_1749536702_0(808039): SmartSimStatus.STATUS_RUNNING
11:55:16 cfdm-MS-7A15 SmartSim {/home/cfdm/OpenFOAM_Opt/pitzDaily_opt/Tune_K_Epsilon} [808005:MainThread] INFO evaluation_1749536702_1(808043): SmartSimStatus.STATUS_RUNNING
11:55:16 cfdm-MS-7A15 SmartSim {/home/cfdm/OpenFOAM_Opt/pitzDaily_opt/Tune_K_Epsilon} [808005:MainThread] INFO evaluation_1749536702_2(808049): SmartSimStatus.STATUS_RUNNING
11:55:16 cfdm-MS-7A15 SmartSim {/home/cfdm/OpenFOAM_Opt/pitzDaily_opt/Tune_K_Epsilon} [808005:MainThread] INFO evaluation_1749536702_3(808056): SmartSimStatus.STATUS_RUNNING
11:55:16 cfdm-MS-7A15 SmartSim {/home/cfdm/OpenFOAM_Opt/pitzDaily_opt/Tune_K_Epsilon} [808005:MainThread] INFO evaluation_1749536702_4(808061): SmartSimStatus.STATUS_RUNNING
11:55:21 cfdm-MS-7A15 SmartSim {/home/cfdm/OpenFOAM_Opt/pitzDaily_opt/Tune_K_Epsilon} [808005:MainThread] INFO evaluation_1749536702_0(808039): SmartSimStatus.STATUS_RUNNING
11:55:21 cfdm-MS-7A15 SmartSim {/home/cfdm/OpenFOAM_Opt/pitzDaily_opt/Tune_K_Epsilon} [808005:MainThread] INFO evaluation_1749536702_1(808043): SmartSimStatus.STATUS_RUNNING
11:55:21 cfdm-MS-7A15 SmartSim {/home/cfdm/OpenFOAM_Opt/pitzDaily_opt/Tune_K_Epsilon} [808005:MainThread] INFO evaluation_1749536702_2(808049): SmartSimStatus.STATUS_RUNNING
11:55:21 cfdm-MS-7A15 SmartSim {/home/cfdm/OpenFOAM_Opt/pitzDaily_opt/Tune_K_Epsilon} [808005:MainThread] INFO evaluation_1749536702_3(808056): SmartSimStatus.STATUS_RUNNING
11:55:21 cfdm-MS-7A15 SmartSim {/home/cfdm/OpenFOAM_Opt/pitzDaily_opt/Tune_K_Epsilon} [808005:MainThread] INFO evaluation_1749536702_4(808061): SmartSimStatus.STATUS_RUNNING
11:55:35 cfdm-MS-7A15 SmartSim {/home/cfdm/OpenFOAM_Opt/pitzDaily_opt/Tune_K_Epsilon} [808005:MainThread] INFO evaluation_1749536726_0(808077): SmartSimStatus.STATUS_RUNNING
11:55:35 cfdm-MS-7A15 SmartSim {/home/cfdm/OpenFOAM_Opt/pitzDaily_opt/Tune_K_Epsilon} [808005:MainThread] INFO evaluation_1749536726_1(808081): SmartSimStatus.STATUS_RUNNING
11:55:35 cfdm-MS-7A15 SmartSim {/home/cfdm/OpenFOAM_Opt/pitzDaily_opt/Tune_K_Epsilon} [808005:MainThread] INFO evaluation_1749536726_2(808087): SmartSimStatus.STATUS_RUNNING
11:55:35 cfdm-MS-7A15 SmartSim {/home/cfdm/OpenFOAM_Opt/pitzDaily_opt/Tune_K_Epsilon} [808005:MainThread] INFO evaluation_1749536726_3(808094): SmartSimStatus.STATUS_RUNNING
11:55:35 cfdm-MS-7A15 SmartSim {/home/cfdm/OpenFOAM_Opt/pitzDaily_opt/Tune_K_Epsilon} [808005:MainThread] INFO evaluation_1749536726_4(808099): SmartSimStatus.STATUS_RUNNING
11:55:40 cfdm-MS-7A15 SmartSim {/home/cfdm/OpenFOAM_Opt/pitzDaily_opt/Tune_K_Epsilon} [808005:MainThread] INFO evaluation_1749536726_0(808077): SmartSimStatus.STATUS_RUNNING
11:55:40 cfdm-MS-7A15 SmartSim {/home/cfdm/OpenFOAM_Opt/pitzDaily_opt/Tune_K_Epsilon} [808005:MainThread] INFO evaluation_1749536726_1(808081): SmartSimStatus.STATUS_RUNNING
11:55:40 cfdm-MS-7A15 SmartSim {/home/cfdm/OpenFOAM_Opt/pitzDaily_opt/Tune_K_Epsilon} [808005:MainThread] INFO evaluation_1749536726_2(808087): SmartSimStatus.STATUS_RUNNING
11:55:40 cfdm-MS-7A15 SmartSim {/home/cfdm/OpenFOAM_Opt/pitzDaily_opt/Tune_K_Epsilon} [808005:MainThread] INFO evaluation_1749536726_3(808094): SmartSimStatus.STATUS_RUNNING
11:55:40 cfdm-MS-7A15 SmartSim {/home/cfdm/OpenFOAM_Opt/pitzDaily_opt/Tune_K_Epsilon} [808005:MainThread] INFO evaluation_1749536726_4(808099): SmartSimStatus.STATUS_RUNNING
11:55:45 cfdm-MS-7A15 SmartSim {/home/cfdm/OpenFOAM_Opt/pitzDaily_opt/Tune_K_Epsilon} [808005:MainThread] INFO evaluation_1749536726_0(808077): SmartSimStatus.STATUS_RUNNING
11:55:45 cfdm-MS-7A15 SmartSim {/home/cfdm/OpenFOAM_Opt/pitzDaily_opt/Tune_K_Epsilon} [808005:MainThread] INFO evaluation_1749536726_2(808087): SmartSimStatus.STATUS_COMPLETED
11:55:45 cfdm-MS-7A15 SmartSim {/home/cfdm/OpenFOAM_Opt/pitzDaily_opt/Tune_K_Epsilon} [808005:MainThread] INFO evaluation_1749536726_3(808094): SmartSimStatus.STATUS_RUNNING
11:55:45 cfdm-MS-7A15 SmartSim {/home/cfdm/OpenFOAM_Opt/pitzDaily_opt/Tune_K_Epsilon} [808005:MainThread] INFO evaluation_1749536726_4(808099): SmartSimStatus.STATUS_RUNNING
11:55:59 cfdm-MS-7A15 SmartSim {/home/cfdm/OpenFOAM_Opt/pitzDaily_opt/Tune_K_Epsilon} [808005:MainThread] INFO evaluation_1749536751_0(808114): SmartSimStatus.STATUS_RUNNING
11:55:59 cfdm-MS-7A15 SmartSim {/home/cfdm/OpenFOAM_Opt/pitzDaily_opt/Tune_K_Epsilon} [808005:MainThread] INFO evaluation_1749536751_1(808118): SmartSimStatus.STATUS_RUNNING
11:55:59 cfdm-MS-7A15 SmartSim {/home/cfdm/OpenFOAM_Opt/pitzDaily_opt/Tune_K_Epsilon} [808005:MainThread] INFO evaluation_1749536751_2(808124): SmartSimStatus.STATUS_RUNNING
11:55:59 cfdm-MS-7A15 SmartSim {/home/cfdm/OpenFOAM_Opt/pitzDaily_opt/Tune_K_Epsilon} [808005:MainThread] INFO evaluation_1749536751_3(808129): SmartSimStatus.STATUS_RUNNING
11:55:59 cfdm-MS-7A15 SmartSim {/home/cfdm/OpenFOAM_Opt/pitzDaily_opt/Tune_K_Epsilon} [808005:MainThread] INFO evaluation_1749536751_4(808136): SmartSimStatus.STATUS_RUNNING
11:56:04 cfdm-MS-7A15 SmartSim {/home/cfdm/OpenFOAM_Opt/pitzDaily_opt/Tune_K_Epsilon} [808005:MainThread] INFO evaluation_1749536751_0(808114): SmartSimStatus.STATUS_RUNNING
11:56:04 cfdm-MS-7A15 SmartSim {/home/cfdm/OpenFOAM_Opt/pitzDaily_opt/Tune_K_Epsilon} [808005:MainThread] INFO evaluation_1749536751_1(808118): SmartSimStatus.STATUS_RUNNING
11:56:04 cfdm-MS-7A15 SmartSim {/home/cfdm/OpenFOAM_Opt/pitzDaily_opt/Tune_K_Epsilon} [808005:MainThread] INFO evaluation_1749536751_2(808124): SmartSimStatus.STATUS_RUNNING
11:56:04 cfdm-MS-7A15 SmartSim {/home/cfdm/OpenFOAM_Opt/pitzDaily_opt/Tune_K_Epsilon} [808005:MainThread] INFO evaluation_1749536751_3(808129): SmartSimStatus.STATUS_RUNNING
11:56:04 cfdm-MS-7A15 SmartSim {/home/cfdm/OpenFOAM_Opt/pitzDaily_opt/Tune_K_Epsilon} [808005:MainThread] INFO evaluation_1749536751_4(808136): SmartSimStatus.STATUS_RUNNING
11:56:09 cfdm-MS-7A15 SmartSim {/home/cfdm/OpenFOAM_Opt/pitzDaily_opt/Tune_K_Epsilon} [808005:MainThread] INFO evaluation_1749536751_1(808118): SmartSimStatus.STATUS_COMPLETED
11:56:09 cfdm-MS-7A15 SmartSim {/home/cfdm/OpenFOAM_Opt/pitzDaily_opt/Tune_K_Epsilon} [808005:MainThread] INFO evaluation_1749536751_3(808129): SmartSimStatus.STATUS_RUNNING
11:56:09 cfdm-MS-7A15 SmartSim {/home/cfdm/OpenFOAM_Opt/pitzDaily_opt/Tune_K_Epsilon} [808005:MainThread] INFO evaluation_1749536751_4(808136): SmartSimStatus.STATUS_RUNNING
11:56:24 cfdm-MS-7A15 SmartSim {/home/cfdm/OpenFOAM_Opt/pitzDaily_opt/Tune_K_Epsilon} [808005:MainThread] INFO evaluation_1749536775_0(808151): SmartSimStatus.STATUS_RUNNING
11:56:24 cfdm-MS-7A15 SmartSim {/home/cfdm/OpenFOAM_Opt/pitzDaily_opt/Tune_K_Epsilon} [808005:MainThread] INFO evaluation_1749536775_1(808155): SmartSimStatus.STATUS_RUNNING
11:56:24 cfdm-MS-7A15 SmartSim {/home/cfdm/OpenFOAM_Opt/pitzDaily_opt/Tune_K_Epsilon} [808005:MainThread] INFO evaluation_1749536775_2(808161): SmartSimStatus.STATUS_RUNNING
11:56:24 cfdm-MS-7A15 SmartSim {/home/cfdm/OpenFOAM_Opt/pitzDaily_opt/Tune_K_Epsilon} [808005:MainThread] INFO evaluation_1749536775_3(808166): SmartSimStatus.STATUS_RUNNING
11:56:24 cfdm-MS-7A15 SmartSim {/home/cfdm/OpenFOAM_Opt/pitzDaily_opt/Tune_K_Epsilon} [808005:MainThread] INFO evaluation_1749536775_4(808173): SmartSimStatus.STATUS_RUNNING
11:56:29 cfdm-MS-7A15 SmartSim {/home/cfdm/OpenFOAM_Opt/pitzDaily_opt/Tune_K_Epsilon} [808005:MainThread] INFO evaluation_1749536775_0(808151): SmartSimStatus.STATUS_RUNNING
11:56:29 cfdm-MS-7A15 SmartSim {/home/cfdm/OpenFOAM_Opt/pitzDaily_opt/Tune_K_Epsilon} [808005:MainThread] INFO evaluation_1749536775_1(808155): SmartSimStatus.STATUS_RUNNING
11:56:29 cfdm-MS-7A15 SmartSim {/home/cfdm/OpenFOAM_Opt/pitzDaily_opt/Tune_K_Epsilon} [808005:MainThread] INFO evaluation_1749536775_2(808161): SmartSimStatus.STATUS_RUNNING
11:56:29 cfdm-MS-7A15 SmartSim {/home/cfdm/OpenFOAM_Opt/pitzDaily_opt/Tune_K_Epsilon} [808005:MainThread] INFO evaluation_1749536775_3(808166): SmartSimStatus.STATUS_RUNNING
11:56:29 cfdm-MS-7A15 SmartSim {/home/cfdm/OpenFOAM_Opt/pitzDaily_opt/Tune_K_Epsilon} [808005:MainThread] INFO evaluation_1749536775_4(808173): SmartSimStatus.STATUS_RUNNING
11:56:34 cfdm-MS-7A15 SmartSim {/home/cfdm/OpenFOAM_Opt/pitzDaily_opt/Tune_K_Epsilon} [808005:MainThread] INFO evaluation_1749536775_1(808155): SmartSimStatus.STATUS_RUNNING
11:56:34 cfdm-MS-7A15 SmartSim {/home/cfdm/OpenFOAM_Opt/pitzDaily_opt/Tune_K_Epsilon} [808005:MainThread] INFO evaluation_1749536775_2(808161): SmartSimStatus.STATUS_RUNNING
11:56:34 cfdm-MS-7A15 SmartSim {/home/cfdm/OpenFOAM_Opt/pitzDaily_opt/Tune_K_Epsilon} [808005:MainThread] INFO evaluation_1749536775_3(808166): SmartSimStatus.STATUS_RUNNING
11:56:34 cfdm-MS-7A15 SmartSim {/home/cfdm/OpenFOAM_Opt/pitzDaily_opt/Tune_K_Epsilon} [808005:MainThread] INFO evaluation_1749536775_4(808173): SmartSimStatus.STATUS_RUNNING
11:56:49 cfdm-MS-7A15 SmartSim {/home/cfdm/OpenFOAM_Opt/pitzDaily_opt/Tune_K_Epsilon} [808005:MainThread] INFO evaluation_1749536800_0(808188): SmartSimStatus.STATUS_RUNNING
11:56:49 cfdm-MS-7A15 SmartSim {/home/cfdm/OpenFOAM_Opt/pitzDaily_opt/Tune_K_Epsilon} [808005:MainThread] INFO evaluation_1749536800_1(808192): SmartSimStatus.STATUS_RUNNING
11:56:49 cfdm-MS-7A15 SmartSim {/home/cfdm/OpenFOAM_Opt/pitzDaily_opt/Tune_K_Epsilon} [808005:MainThread] INFO evaluation_1749536800_2(808198): SmartSimStatus.STATUS_RUNNING
11:56:49 cfdm-MS-7A15 SmartSim {/home/cfdm/OpenFOAM_Opt/pitzDaily_opt/Tune_K_Epsilon} [808005:MainThread] INFO evaluation_1749536800_3(808205): SmartSimStatus.STATUS_RUNNING
11:56:49 cfdm-MS-7A15 SmartSim {/home/cfdm/OpenFOAM_Opt/pitzDaily_opt/Tune_K_Epsilon} [808005:MainThread] INFO evaluation_1749536800_4(808210): SmartSimStatus.STATUS_RUNNING
11:56:54 cfdm-MS-7A15 SmartSim {/home/cfdm/OpenFOAM_Opt/pitzDaily_opt/Tune_K_Epsilon} [808005:MainThread] INFO evaluation_1749536800_0(808188): SmartSimStatus.STATUS_RUNNING
11:56:54 cfdm-MS-7A15 SmartSim {/home/cfdm/OpenFOAM_Opt/pitzDaily_opt/Tune_K_Epsilon} [808005:MainThread] INFO evaluation_1749536800_1(808192): SmartSimStatus.STATUS_RUNNING
11:56:54 cfdm-MS-7A15 SmartSim {/home/cfdm/OpenFOAM_Opt/pitzDaily_opt/Tune_K_Epsilon} [808005:MainThread] INFO evaluation_1749536800_2(808198): SmartSimStatus.STATUS_RUNNING
11:56:54 cfdm-MS-7A15 SmartSim {/home/cfdm/OpenFOAM_Opt/pitzDaily_opt/Tune_K_Epsilon} [808005:MainThread] INFO evaluation_1749536800_3(808205): SmartSimStatus.STATUS_RUNNING
11:56:54 cfdm-MS-7A15 SmartSim {/home/cfdm/OpenFOAM_Opt/pitzDaily_opt/Tune_K_Epsilon} [808005:MainThread] INFO evaluation_1749536800_4(808210): SmartSimStatus.STATUS_RUNNING
11:56:59 cfdm-MS-7A15 SmartSim {/home/cfdm/OpenFOAM_Opt/pitzDaily_opt/Tune_K_Epsilon} [808005:MainThread] INFO evaluation_1749536800_2(808198): SmartSimStatus.STATUS_RUNNING
11:56:59 cfdm-MS-7A15 SmartSim {/home/cfdm/OpenFOAM_Opt/pitzDaily_opt/Tune_K_Epsilon} [808005:MainThread] INFO evaluation_1749536800_3(808205): SmartSimStatus.STATUS_RUNNING
11:56:59 cfdm-MS-7A15 SmartSim {/home/cfdm/OpenFOAM_Opt/pitzDaily_opt/Tune_K_Epsilon} [808005:MainThread] INFO evaluation_1749536800_4(808210): SmartSimStatus.STATUS_RUNNING
11:57:14 cfdm-MS-7A15 SmartSim {/home/cfdm/OpenFOAM_Opt/pitzDaily_opt/Tune_K_Epsilon} [808005:MainThread] INFO evaluation_1749536825_0(808225): SmartSimStatus.STATUS_RUNNING
11:57:14 cfdm-MS-7A15 SmartSim {/home/cfdm/OpenFOAM_Opt/pitzDaily_opt/Tune_K_Epsilon} [808005:MainThread] INFO evaluation_1749536825_1(808229): SmartSimStatus.STATUS_RUNNING
11:57:14 cfdm-MS-7A15 SmartSim {/home/cfdm/OpenFOAM_Opt/pitzDaily_opt/Tune_K_Epsilon} [808005:MainThread] INFO evaluation_1749536825_2(808235): SmartSimStatus.STATUS_RUNNING
11:57:14 cfdm-MS-7A15 SmartSim {/home/cfdm/OpenFOAM_Opt/pitzDaily_opt/Tune_K_Epsilon} [808005:MainThread] INFO evaluation_1749536825_3(808242): SmartSimStatus.STATUS_RUNNING
11:57:14 cfdm-MS-7A15 SmartSim {/home/cfdm/OpenFOAM_Opt/pitzDaily_opt/Tune_K_Epsilon} [808005:MainThread] INFO evaluation_1749536825_4(808247): SmartSimStatus.STATUS_RUNNING
11:57:19 cfdm-MS-7A15 SmartSim {/home/cfdm/OpenFOAM_Opt/pitzDaily_opt/Tune_K_Epsilon} [808005:MainThread] INFO evaluation_1749536825_0(808225): SmartSimStatus.STATUS_RUNNING
11:57:19 cfdm-MS-7A15 SmartSim {/home/cfdm/OpenFOAM_Opt/pitzDaily_opt/Tune_K_Epsilon} [808005:MainThread] INFO evaluation_1749536825_1(808229): SmartSimStatus.STATUS_RUNNING
11:57:19 cfdm-MS-7A15 SmartSim {/home/cfdm/OpenFOAM_Opt/pitzDaily_opt/Tune_K_Epsilon} [808005:MainThread] INFO evaluation_1749536825_2(808235): SmartSimStatus.STATUS_RUNNING
11:57:19 cfdm-MS-7A15 SmartSim {/home/cfdm/OpenFOAM_Opt/pitzDaily_opt/Tune_K_Epsilon} [808005:MainThread] INFO evaluation_1749536825_3(808242): SmartSimStatus.STATUS_RUNNING
11:57:19 cfdm-MS-7A15 SmartSim {/home/cfdm/OpenFOAM_Opt/pitzDaily_opt/Tune_K_Epsilon} [808005:MainThread] INFO evaluation_1749536825_4(808247): SmartSimStatus.STATUS_RUNNING
11:57:24 cfdm-MS-7A15 SmartSim {/home/cfdm/OpenFOAM_Opt/pitzDaily_opt/Tune_K_Epsilon} [808005:MainThread] INFO evaluation_1749536825_1(808229): SmartSimStatus.STATUS_COMPLETED
11:57:24 cfdm-MS-7A15 SmartSim {/home/cfdm/OpenFOAM_Opt/pitzDaily_opt/Tune_K_Epsilon} [808005:MainThread] INFO evaluation_1749536825_2(808235): SmartSimStatus.STATUS_RUNNING
11:57:24 cfdm-MS-7A15 SmartSim {/home/cfdm/OpenFOAM_Opt/pitzDaily_opt/Tune_K_Epsilon} [808005:MainThread] INFO evaluation_1749536825_3(808242): SmartSimStatus.STATUS_RUNNING
11:57:24 cfdm-MS-7A15 SmartSim {/home/cfdm/OpenFOAM_Opt/pitzDaily_opt/Tune_K_Epsilon} [808005:MainThread] INFO evaluation_1749536825_4(808247): SmartSimStatus.STATUS_RUNNING
11:57:39 cfdm-MS-7A15 SmartSim {/home/cfdm/OpenFOAM_Opt/pitzDaily_opt/Tune_K_Epsilon} [808005:MainThread] INFO evaluation_1749536850_0(808264): SmartSimStatus.STATUS_RUNNING
11:57:39 cfdm-MS-7A15 SmartSim {/home/cfdm/OpenFOAM_Opt/pitzDaily_opt/Tune_K_Epsilon} [808005:MainThread] INFO evaluation_1749536850_1(808268): SmartSimStatus.STATUS_RUNNING
11:57:39 cfdm-MS-7A15 SmartSim {/home/cfdm/OpenFOAM_Opt/pitzDaily_opt/Tune_K_Epsilon} [808005:MainThread] INFO evaluation_1749536850_2(808272): SmartSimStatus.STATUS_RUNNING
11:57:39 cfdm-MS-7A15 SmartSim {/home/cfdm/OpenFOAM_Opt/pitzDaily_opt/Tune_K_Epsilon} [808005:MainThread] INFO evaluation_1749536850_3(808282): SmartSimStatus.STATUS_RUNNING
11:57:39 cfdm-MS-7A15 SmartSim {/home/cfdm/OpenFOAM_Opt/pitzDaily_opt/Tune_K_Epsilon} [808005:MainThread] INFO evaluation_1749536850_4(808287): SmartSimStatus.STATUS_RUNNING
11:57:44 cfdm-MS-7A15 SmartSim {/home/cfdm/OpenFOAM_Opt/pitzDaily_opt/Tune_K_Epsilon} [808005:MainThread] INFO evaluation_1749536850_0(808264): SmartSimStatus.STATUS_RUNNING
11:57:44 cfdm-MS-7A15 SmartSim {/home/cfdm/OpenFOAM_Opt/pitzDaily_opt/Tune_K_Epsilon} [808005:MainThread] INFO evaluation_1749536850_1(808268): SmartSimStatus.STATUS_RUNNING
11:57:44 cfdm-MS-7A15 SmartSim {/home/cfdm/OpenFOAM_Opt/pitzDaily_opt/Tune_K_Epsilon} [808005:MainThread] INFO evaluation_1749536850_2(808272): SmartSimStatus.STATUS_RUNNING
11:57:44 cfdm-MS-7A15 SmartSim {/home/cfdm/OpenFOAM_Opt/pitzDaily_opt/Tune_K_Epsilon} [808005:MainThread] INFO evaluation_1749536850_3(808282): SmartSimStatus.STATUS_RUNNING
11:57:44 cfdm-MS-7A15 SmartSim {/home/cfdm/OpenFOAM_Opt/pitzDaily_opt/Tune_K_Epsilon} [808005:MainThread] INFO evaluation_1749536850_4(808287): SmartSimStatus.STATUS_RUNNING
11:57:49 cfdm-MS-7A15 SmartSim {/home/cfdm/OpenFOAM_Opt/pitzDaily_opt/Tune_K_Epsilon} [808005:MainThread] INFO evaluation_1749536850_1(808268): SmartSimStatus.STATUS_RUNNING
11:57:49 cfdm-MS-7A15 SmartSim {/home/cfdm/OpenFOAM_Opt/pitzDaily_opt/Tune_K_Epsilon} [808005:MainThread] INFO evaluation_1749536850_3(808282): SmartSimStatus.STATUS_RUNNING
11:57:49 cfdm-MS-7A15 SmartSim {/home/cfdm/OpenFOAM_Opt/pitzDaily_opt/Tune_K_Epsilon} [808005:MainThread] INFO evaluation_1749536850_4(808287): SmartSimStatus.STATUS_RUNNING
11:58:04 cfdm-MS-7A15 SmartSim {/home/cfdm/OpenFOAM_Opt/pitzDaily_opt/Tune_K_Epsilon} [808005:MainThread] INFO evaluation_1749536876_0(808309): SmartSimStatus.STATUS_RUNNING
11:58:04 cfdm-MS-7A15 SmartSim {/home/cfdm/OpenFOAM_Opt/pitzDaily_opt/Tune_K_Epsilon} [808005:MainThread] INFO evaluation_1749536876_1(808313): SmartSimStatus.STATUS_RUNNING
11:58:04 cfdm-MS-7A15 SmartSim {/home/cfdm/OpenFOAM_Opt/pitzDaily_opt/Tune_K_Epsilon} [808005:MainThread] INFO evaluation_1749536876_2(808319): SmartSimStatus.STATUS_RUNNING
11:58:04 cfdm-MS-7A15 SmartSim {/home/cfdm/OpenFOAM_Opt/pitzDaily_opt/Tune_K_Epsilon} [808005:MainThread] INFO evaluation_1749536876_3(808324): SmartSimStatus.STATUS_RUNNING
11:58:04 cfdm-MS-7A15 SmartSim {/home/cfdm/OpenFOAM_Opt/pitzDaily_opt/Tune_K_Epsilon} [808005:MainThread] INFO evaluation_1749536876_4(808331): SmartSimStatus.STATUS_RUNNING
11:58:09 cfdm-MS-7A15 SmartSim {/home/cfdm/OpenFOAM_Opt/pitzDaily_opt/Tune_K_Epsilon} [808005:MainThread] INFO evaluation_1749536876_0(808309): SmartSimStatus.STATUS_RUNNING
11:58:09 cfdm-MS-7A15 SmartSim {/home/cfdm/OpenFOAM_Opt/pitzDaily_opt/Tune_K_Epsilon} [808005:MainThread] INFO evaluation_1749536876_1(808313): SmartSimStatus.STATUS_RUNNING
11:58:09 cfdm-MS-7A15 SmartSim {/home/cfdm/OpenFOAM_Opt/pitzDaily_opt/Tune_K_Epsilon} [808005:MainThread] INFO evaluation_1749536876_2(808319): SmartSimStatus.STATUS_RUNNING
11:58:09 cfdm-MS-7A15 SmartSim {/home/cfdm/OpenFOAM_Opt/pitzDaily_opt/Tune_K_Epsilon} [808005:MainThread] INFO evaluation_1749536876_3(808324): SmartSimStatus.STATUS_RUNNING
11:58:09 cfdm-MS-7A15 SmartSim {/home/cfdm/OpenFOAM_Opt/pitzDaily_opt/Tune_K_Epsilon} [808005:MainThread] INFO evaluation_1749536876_4(808331): SmartSimStatus.STATUS_RUNNING
11:58:14 cfdm-MS-7A15 SmartSim {/home/cfdm/OpenFOAM_Opt/pitzDaily_opt/Tune_K_Epsilon} [808005:MainThread] INFO evaluation_1749536876_0(808309): SmartSimStatus.STATUS_RUNNING
11:58:14 cfdm-MS-7A15 SmartSim {/home/cfdm/OpenFOAM_Opt/pitzDaily_opt/Tune_K_Epsilon} [808005:MainThread] INFO evaluation_1749536876_1(808313): SmartSimStatus.STATUS_RUNNING
11:58:14 cfdm-MS-7A15 SmartSim {/home/cfdm/OpenFOAM_Opt/pitzDaily_opt/Tune_K_Epsilon} [808005:MainThread] INFO evaluation_1749536876_2(808319): SmartSimStatus.STATUS_RUNNING
11:58:14 cfdm-MS-7A15 SmartSim {/home/cfdm/OpenFOAM_Opt/pitzDaily_opt/Tune_K_Epsilon} [808005:MainThread] INFO evaluation_1749536876_3(808324): SmartSimStatus.STATUS_RUNNING
11:58:14 cfdm-MS-7A15 SmartSim {/home/cfdm/OpenFOAM_Opt/pitzDaily_opt/Tune_K_Epsilon} [808005:MainThread] INFO evaluation_1749536876_4(808331): SmartSimStatus.STATUS_RUNNING
11:58:30 cfdm-MS-7A15 SmartSim {/home/cfdm/OpenFOAM_Opt/pitzDaily_opt/Tune_K_Epsilon} [808005:MainThread] INFO evaluation_1749536901_0(808349): SmartSimStatus.STATUS_RUNNING
11:58:30 cfdm-MS-7A15 SmartSim {/home/cfdm/OpenFOAM_Opt/pitzDaily_opt/Tune_K_Epsilon} [808005:MainThread] INFO evaluation_1749536901_1(808353): SmartSimStatus.STATUS_RUNNING
11:58:30 cfdm-MS-7A15 SmartSim {/home/cfdm/OpenFOAM_Opt/pitzDaily_opt/Tune_K_Epsilon} [808005:MainThread] INFO evaluation_1749536901_2(808359): SmartSimStatus.STATUS_RUNNING
11:58:30 cfdm-MS-7A15 SmartSim {/home/cfdm/OpenFOAM_Opt/pitzDaily_opt/Tune_K_Epsilon} [808005:MainThread] INFO evaluation_1749536901_3(808364): SmartSimStatus.STATUS_RUNNING
11:58:30 cfdm-MS-7A15 SmartSim {/home/cfdm/OpenFOAM_Opt/pitzDaily_opt/Tune_K_Epsilon} [808005:MainThread] INFO evaluation_1749536901_4(808371): SmartSimStatus.STATUS_RUNNING
11:58:35 cfdm-MS-7A15 SmartSim {/home/cfdm/OpenFOAM_Opt/pitzDaily_opt/Tune_K_Epsilon} [808005:MainThread] INFO evaluation_1749536901_0(808349): SmartSimStatus.STATUS_RUNNING
11:58:35 cfdm-MS-7A15 SmartSim {/home/cfdm/OpenFOAM_Opt/pitzDaily_opt/Tune_K_Epsilon} [808005:MainThread] INFO evaluation_1749536901_1(808353): SmartSimStatus.STATUS_RUNNING
11:58:35 cfdm-MS-7A15 SmartSim {/home/cfdm/OpenFOAM_Opt/pitzDaily_opt/Tune_K_Epsilon} [808005:MainThread] INFO evaluation_1749536901_2(808359): SmartSimStatus.STATUS_RUNNING
11:58:35 cfdm-MS-7A15 SmartSim {/home/cfdm/OpenFOAM_Opt/pitzDaily_opt/Tune_K_Epsilon} [808005:MainThread] INFO evaluation_1749536901_3(808364): SmartSimStatus.STATUS_RUNNING
11:58:35 cfdm-MS-7A15 SmartSim {/home/cfdm/OpenFOAM_Opt/pitzDaily_opt/Tune_K_Epsilon} [808005:MainThread] INFO evaluation_1749536901_4(808371): SmartSimStatus.STATUS_RUNNING
11:58:40 cfdm-MS-7A15 SmartSim {/home/cfdm/OpenFOAM_Opt/pitzDaily_opt/Tune_K_Epsilon} [808005:MainThread] INFO evaluation_1749536901_1(808353): SmartSimStatus.STATUS_RUNNING
11:58:40 cfdm-MS-7A15 SmartSim {/home/cfdm/OpenFOAM_Opt/pitzDaily_opt/Tune_K_Epsilon} [808005:MainThread] INFO evaluation_1749536901_2(808359): SmartSimStatus.STATUS_RUNNING
11:58:40 cfdm-MS-7A15 SmartSim {/home/cfdm/OpenFOAM_Opt/pitzDaily_opt/Tune_K_Epsilon} [808005:MainThread] INFO evaluation_1749536901_3(808364): SmartSimStatus.STATUS_RUNNING
11:58:40 cfdm-MS-7A15 SmartSim {/home/cfdm/OpenFOAM_Opt/pitzDaily_opt/Tune_K_Epsilon} [808005:MainThread] INFO evaluation_1749536901_4(808371): SmartSimStatus.STATUS_RUNNING
11:58:56 cfdm-MS-7A15 SmartSim {/home/cfdm/OpenFOAM_Opt/pitzDaily_opt/Tune_K_Epsilon} [808005:MainThread] INFO evaluation_1749536927_0(808388): SmartSimStatus.STATUS_RUNNING
11:58:56 cfdm-MS-7A15 SmartSim {/home/cfdm/OpenFOAM_Opt/pitzDaily_opt/Tune_K_Epsilon} [808005:MainThread] INFO evaluation_1749536927_1(808392): SmartSimStatus.STATUS_RUNNING
11:58:56 cfdm-MS-7A15 SmartSim {/home/cfdm/OpenFOAM_Opt/pitzDaily_opt/Tune_K_Epsilon} [808005:MainThread] INFO evaluation_1749536927_2(808398): SmartSimStatus.STATUS_RUNNING
11:58:56 cfdm-MS-7A15 SmartSim {/home/cfdm/OpenFOAM_Opt/pitzDaily_opt/Tune_K_Epsilon} [808005:MainThread] INFO evaluation_1749536927_3(808403): SmartSimStatus.STATUS_RUNNING
11:58:56 cfdm-MS-7A15 SmartSim {/home/cfdm/OpenFOAM_Opt/pitzDaily_opt/Tune_K_Epsilon} [808005:MainThread] INFO evaluation_1749536927_4(808410): SmartSimStatus.STATUS_RUNNING
11:59:01 cfdm-MS-7A15 SmartSim {/home/cfdm/OpenFOAM_Opt/pitzDaily_opt/Tune_K_Epsilon} [808005:MainThread] INFO evaluation_1749536927_0(808388): SmartSimStatus.STATUS_RUNNING
11:59:01 cfdm-MS-7A15 SmartSim {/home/cfdm/OpenFOAM_Opt/pitzDaily_opt/Tune_K_Epsilon} [808005:MainThread] INFO evaluation_1749536927_1(808392): SmartSimStatus.STATUS_RUNNING
11:59:01 cfdm-MS-7A15 SmartSim {/home/cfdm/OpenFOAM_Opt/pitzDaily_opt/Tune_K_Epsilon} [808005:MainThread] INFO evaluation_1749536927_2(808398): SmartSimStatus.STATUS_RUNNING
11:59:01 cfdm-MS-7A15 SmartSim {/home/cfdm/OpenFOAM_Opt/pitzDaily_opt/Tune_K_Epsilon} [808005:MainThread] INFO evaluation_1749536927_3(808403): SmartSimStatus.STATUS_RUNNING
11:59:01 cfdm-MS-7A15 SmartSim {/home/cfdm/OpenFOAM_Opt/pitzDaily_opt/Tune_K_Epsilon} [808005:MainThread] INFO evaluation_1749536927_4(808410): SmartSimStatus.STATUS_RUNNING
11:59:06 cfdm-MS-7A15 SmartSim {/home/cfdm/OpenFOAM_Opt/pitzDaily_opt/Tune_K_Epsilon} [808005:MainThread] INFO evaluation_1749536927_1(808392): SmartSimStatus.STATUS_RUNNING
11:59:06 cfdm-MS-7A15 SmartSim {/home/cfdm/OpenFOAM_Opt/pitzDaily_opt/Tune_K_Epsilon} [808005:MainThread] INFO evaluation_1749536927_2(808398): SmartSimStatus.STATUS_RUNNING
11:59:06 cfdm-MS-7A15 SmartSim {/home/cfdm/OpenFOAM_Opt/pitzDaily_opt/Tune_K_Epsilon} [808005:MainThread] INFO evaluation_1749536927_3(808403): SmartSimStatus.STATUS_RUNNING
11:59:06 cfdm-MS-7A15 SmartSim {/home/cfdm/OpenFOAM_Opt/pitzDaily_opt/Tune_K_Epsilon} [808005:MainThread] INFO evaluation_1749536927_4(808410): SmartSimStatus.STATUS_RUNNING
11:59:17 cfdm-MS-7A15 SmartSim {/home/cfdm/OpenFOAM_Opt/pitzDaily_opt/Tune_K_Epsilon} [808005:MainThread] INFO final_optimized(808425): SmartSimStatus.STATUS_RUNNING
