2025-06-10 10:47:15,703 cfdm-MS-7A15 TelemetryMonitor[806946:MainThread] INFO Executing telemetry monitor
2025-06-10 10:47:15,703 cfdm-MS-7A15 TelemetryMonitor[806946:MainThread] INFO Polling frequency: 5.0s
2025-06-10 10:47:15,703 cfdm-MS-7A15 TelemetryMonitor[806946:MainThread] INFO Experiment directory: /home/cfdm/OpenFOAM_Opt/pitzDaily_opt/Tune_K_Epsilon
2025-06-10 10:47:15,703 cfdm-MS-7A15 TelemetryMonitor[806946:MainThread] INFO Telemetry output: /home/cfdm/OpenFOAM_Opt/pitzDaily_opt/Tune_K_Epsilon/.smartsim/telemetry
2025-06-10 10:47:25,721 cfdm-MS-7A15 TelemetryMonitor[806946:MainThread] INFO Cooldown 5.56% complete
2025-06-10 10:47:30,725 cfdm-MS-7A15 TelemetryMonitor[806946:MainThread] INFO Cooldown 11.12% complete
2025-06-10 10:47:33,501 cfdm-MS-7A15 TelemetryMonitor[806946:Thread-1] INFO Opened file: /home/cfdm/OpenFOAM_Opt/pitzDaily_opt/Tune_K_Epsilon/.smartsim/telemetry/manifest.json
2025-06-10 10:47:33,502 cfdm-MS-7A15 TelemetryMonitor[806946:Thread-1] INFO Modified file: /home/cfdm/OpenFOAM_Opt/pitzDaily_opt/Tune_K_Epsilon/.smartsim/telemetry/manifest.json
2025-06-10 10:47:33,513 cfdm-MS-7A15 TelemetryMonitor[806946:Thread-1] INFO Opened file: /home/cfdm/OpenFOAM_Opt/pitzDaily_opt/Tune_K_Epsilon/.smartsim/telemetry/manifest.json
2025-06-10 10:47:33,513 cfdm-MS-7A15 TelemetryMonitor[806946:Thread-1] INFO Modified file: /home/cfdm/OpenFOAM_Opt/pitzDaily_opt/Tune_K_Epsilon/.smartsim/telemetry/manifest.json
2025-06-10 10:47:33,524 cfdm-MS-7A15 TelemetryMonitor[806946:Thread-1] INFO Closed file: /home/cfdm/OpenFOAM_Opt/pitzDaily_opt/Tune_K_Epsilon/.smartsim/telemetry/manifest.json
2025-06-10 10:47:33,524 cfdm-MS-7A15 TelemetryMonitor[806946:Thread-1] INFO Modified directory: /home/cfdm/OpenFOAM_Opt/pitzDaily_opt/Tune_K_Epsilon/.smartsim/telemetry
2025-06-10 10:47:33,524 cfdm-MS-7A15 TelemetryMonitor[806946:Thread-1] INFO Opened file: /home/cfdm/OpenFOAM_Opt/pitzDaily_opt/Tune_K_Epsilon/.smartsim/telemetry/manifest.json
2025-06-10 10:47:33,525 cfdm-MS-7A15 TelemetryMonitor[806946:Thread-1] INFO Opened file: /home/cfdm/OpenFOAM_Opt/pitzDaily_opt/Tune_K_Epsilon/.smartsim/telemetry/manifest.json
2025-06-10 10:47:50,741 cfdm-MS-7A15 TelemetryMonitor[806946:MainThread] INFO Cooldown 5.56% complete
2025-06-10 10:47:55,746 cfdm-MS-7A15 TelemetryMonitor[806946:MainThread] INFO Cooldown 11.12% complete
2025-06-10 10:48:00,752 cfdm-MS-7A15 TelemetryMonitor[806946:MainThread] INFO Cooldown 16.68% complete
2025-06-10 10:48:05,756 cfdm-MS-7A15 TelemetryMonitor[806946:MainThread] INFO Cooldown 22.24% complete
2025-06-10 10:48:10,761 cfdm-MS-7A15 TelemetryMonitor[806946:MainThread] INFO Cooldown 27.80% complete
2025-06-10 10:48:15,766 cfdm-MS-7A15 TelemetryMonitor[806946:MainThread] INFO Cooldown 33.37% complete
2025-06-10 10:48:20,768 cfdm-MS-7A15 TelemetryMonitor[806946:MainThread] INFO Cooldown 38.92% complete
2025-06-10 10:48:25,774 cfdm-MS-7A15 TelemetryMonitor[806946:MainThread] INFO Cooldown 44.49% complete
2025-06-10 10:48:30,779 cfdm-MS-7A15 TelemetryMonitor[806946:MainThread] INFO Cooldown 50.05% complete
2025-06-10 10:48:35,784 cfdm-MS-7A15 TelemetryMonitor[806946:MainThread] INFO Cooldown 55.61% complete
2025-06-10 10:48:40,788 cfdm-MS-7A15 TelemetryMonitor[806946:MainThread] INFO Cooldown 61.17% complete
2025-06-10 10:48:45,792 cfdm-MS-7A15 TelemetryMonitor[806946:MainThread] INFO Cooldown 66.73% complete
2025-06-10 10:48:50,794 cfdm-MS-7A15 TelemetryMonitor[806946:MainThread] INFO Cooldown 72.29% complete
2025-06-10 10:48:55,796 cfdm-MS-7A15 TelemetryMonitor[806946:MainThread] INFO Cooldown 77.84% complete
2025-06-10 10:49:00,802 cfdm-MS-7A15 TelemetryMonitor[806946:MainThread] INFO Cooldown 83.41% complete
2025-06-10 10:49:05,805 cfdm-MS-7A15 TelemetryMonitor[806946:MainThread] INFO Cooldown 88.96% complete
2025-06-10 10:49:10,809 cfdm-MS-7A15 TelemetryMonitor[806946:MainThread] INFO Cooldown 94.52% complete
2025-06-10 10:49:15,813 cfdm-MS-7A15 TelemetryMonitor[806946:MainThread] INFO Cooldown complete. Beginning shutdown
2025-06-10 10:49:15,829 cfdm-MS-7A15 TelemetryMonitor[806946:MainThread] INFO Exiting telemetry monitor event loop
2025-06-10 10:49:15,829 cfdm-MS-7A15 TelemetryMonitor[806946:MainThread] INFO Telemetry monitor shutdown complete
2025-06-10 11:37:50,894 cfdm-MS-7A15 TelemetryMonitor[807714:MainThread] INFO Executing telemetry monitor
2025-06-10 11:37:50,894 cfdm-MS-7A15 TelemetryMonitor[807714:MainThread] INFO Polling frequency: 5.0s
2025-06-10 11:37:50,895 cfdm-MS-7A15 TelemetryMonitor[807714:MainThread] INFO Experiment directory: /home/cfdm/OpenFOAM_Opt/pitzDaily_opt/Tune_K_Epsilon
2025-06-10 11:37:50,895 cfdm-MS-7A15 TelemetryMonitor[807714:MainThread] INFO Telemetry output: /home/cfdm/OpenFOAM_Opt/pitzDaily_opt/Tune_K_Epsilon/.smartsim/telemetry
2025-06-10 11:38:00,916 cfdm-MS-7A15 TelemetryMonitor[807714:MainThread] INFO Cooldown 5.56% complete
2025-06-10 11:38:04,130 cfdm-MS-7A15 TelemetryMonitor[807714:Thread-1] INFO Opened file: /home/cfdm/OpenFOAM_Opt/pitzDaily_opt/Tune_K_Epsilon/.smartsim/telemetry/manifest.json
2025-06-10 11:38:04,131 cfdm-MS-7A15 TelemetryMonitor[807714:Thread-1] INFO Modified file: /home/cfdm/OpenFOAM_Opt/pitzDaily_opt/Tune_K_Epsilon/.smartsim/telemetry/manifest.json
2025-06-10 11:38:04,142 cfdm-MS-7A15 TelemetryMonitor[807714:Thread-1] INFO Opened file: /home/cfdm/OpenFOAM_Opt/pitzDaily_opt/Tune_K_Epsilon/.smartsim/telemetry/manifest.json
2025-06-10 11:38:04,143 cfdm-MS-7A15 TelemetryMonitor[807714:Thread-1] INFO Modified file: /home/cfdm/OpenFOAM_Opt/pitzDaily_opt/Tune_K_Epsilon/.smartsim/telemetry/manifest.json
2025-06-10 11:38:04,153 cfdm-MS-7A15 TelemetryMonitor[807714:Thread-1] INFO Closed file: /home/cfdm/OpenFOAM_Opt/pitzDaily_opt/Tune_K_Epsilon/.smartsim/telemetry/manifest.json
2025-06-10 11:38:04,154 cfdm-MS-7A15 TelemetryMonitor[807714:Thread-1] INFO Modified directory: /home/cfdm/OpenFOAM_Opt/pitzDaily_opt/Tune_K_Epsilon/.smartsim/telemetry
2025-06-10 11:38:04,154 cfdm-MS-7A15 TelemetryMonitor[807714:Thread-1] INFO Opened file: /home/cfdm/OpenFOAM_Opt/pitzDaily_opt/Tune_K_Epsilon/.smartsim/telemetry/manifest.json
2025-06-10 11:38:04,154 cfdm-MS-7A15 TelemetryMonitor[807714:Thread-1] INFO Opened file: /home/cfdm/OpenFOAM_Opt/pitzDaily_opt/Tune_K_Epsilon/.smartsim/telemetry/manifest.json
2025-06-10 11:38:25,937 cfdm-MS-7A15 TelemetryMonitor[807714:MainThread] INFO Cooldown 5.56% complete
2025-06-10 11:38:30,940 cfdm-MS-7A15 TelemetryMonitor[807714:MainThread] INFO Cooldown 11.12% complete
2025-06-10 11:38:35,945 cfdm-MS-7A15 TelemetryMonitor[807714:MainThread] INFO Cooldown 16.68% complete
2025-06-10 11:38:40,949 cfdm-MS-7A15 TelemetryMonitor[807714:MainThread] INFO Cooldown 22.24% complete
2025-06-10 11:38:45,953 cfdm-MS-7A15 TelemetryMonitor[807714:MainThread] INFO Cooldown 27.80% complete
2025-06-10 11:38:50,957 cfdm-MS-7A15 TelemetryMonitor[807714:MainThread] INFO Cooldown 33.36% complete
2025-06-10 11:38:55,961 cfdm-MS-7A15 TelemetryMonitor[807714:MainThread] INFO Cooldown 38.92% complete
2025-06-10 11:39:00,964 cfdm-MS-7A15 TelemetryMonitor[807714:MainThread] INFO Cooldown 44.48% complete
2025-06-10 11:39:05,969 cfdm-MS-7A15 TelemetryMonitor[807714:MainThread] INFO Cooldown 50.04% complete
2025-06-10 11:39:10,973 cfdm-MS-7A15 TelemetryMonitor[807714:MainThread] INFO Cooldown 55.60% complete
2025-06-10 11:39:15,977 cfdm-MS-7A15 TelemetryMonitor[807714:MainThread] INFO Cooldown 61.16% complete
2025-06-10 11:39:20,981 cfdm-MS-7A15 TelemetryMonitor[807714:MainThread] INFO Cooldown 66.72% complete
2025-06-10 11:39:25,985 cfdm-MS-7A15 TelemetryMonitor[807714:MainThread] INFO Cooldown 72.28% complete
2025-06-10 11:39:30,989 cfdm-MS-7A15 TelemetryMonitor[807714:MainThread] INFO Cooldown 77.84% complete
2025-06-10 11:39:35,993 cfdm-MS-7A15 TelemetryMonitor[807714:MainThread] INFO Cooldown 83.40% complete
2025-06-10 11:39:40,997 cfdm-MS-7A15 TelemetryMonitor[807714:MainThread] INFO Cooldown 88.96% complete
2025-06-10 11:39:46,001 cfdm-MS-7A15 TelemetryMonitor[807714:MainThread] INFO Cooldown 94.52% complete
2025-06-10 11:39:51,005 cfdm-MS-7A15 TelemetryMonitor[807714:MainThread] INFO Cooldown complete. Beginning shutdown
2025-06-10 11:39:51,021 cfdm-MS-7A15 TelemetryMonitor[807714:MainThread] INFO Exiting telemetry monitor event loop
2025-06-10 11:39:51,021 cfdm-MS-7A15 TelemetryMonitor[807714:MainThread] INFO Telemetry monitor shutdown complete
2025-06-10 11:48:34,804 cfdm-MS-7A15 TelemetryMonitor[807911:MainThread] INFO Executing telemetry monitor
2025-06-10 11:48:34,805 cfdm-MS-7A15 TelemetryMonitor[807911:MainThread] INFO Polling frequency: 5.0s
2025-06-10 11:48:34,805 cfdm-MS-7A15 TelemetryMonitor[807911:MainThread] INFO Experiment directory: /home/cfdm/OpenFOAM_Opt/pitzDaily_opt/Tune_K_Epsilon
2025-06-10 11:48:34,805 cfdm-MS-7A15 TelemetryMonitor[807911:MainThread] INFO Telemetry output: /home/cfdm/OpenFOAM_Opt/pitzDaily_opt/Tune_K_Epsilon/.smartsim/telemetry
2025-06-10 11:48:44,824 cfdm-MS-7A15 TelemetryMonitor[807911:MainThread] INFO Cooldown 5.56% complete
2025-06-10 11:48:48,099 cfdm-MS-7A15 TelemetryMonitor[807911:Thread-1] INFO Opened file: /home/cfdm/OpenFOAM_Opt/pitzDaily_opt/Tune_K_Epsilon/.smartsim/telemetry/manifest.json
2025-06-10 11:48:48,100 cfdm-MS-7A15 TelemetryMonitor[807911:Thread-1] INFO Modified file: /home/cfdm/OpenFOAM_Opt/pitzDaily_opt/Tune_K_Epsilon/.smartsim/telemetry/manifest.json
2025-06-10 11:48:48,112 cfdm-MS-7A15 TelemetryMonitor[807911:Thread-1] INFO Opened file: /home/cfdm/OpenFOAM_Opt/pitzDaily_opt/Tune_K_Epsilon/.smartsim/telemetry/manifest.json
2025-06-10 11:48:48,112 cfdm-MS-7A15 TelemetryMonitor[807911:Thread-1] INFO Modified file: /home/cfdm/OpenFOAM_Opt/pitzDaily_opt/Tune_K_Epsilon/.smartsim/telemetry/manifest.json
2025-06-10 11:48:48,123 cfdm-MS-7A15 TelemetryMonitor[807911:Thread-1] INFO Closed file: /home/cfdm/OpenFOAM_Opt/pitzDaily_opt/Tune_K_Epsilon/.smartsim/telemetry/manifest.json
2025-06-10 11:48:48,124 cfdm-MS-7A15 TelemetryMonitor[807911:Thread-1] INFO Modified directory: /home/cfdm/OpenFOAM_Opt/pitzDaily_opt/Tune_K_Epsilon/.smartsim/telemetry
2025-06-10 11:48:48,124 cfdm-MS-7A15 TelemetryMonitor[807911:Thread-1] INFO Opened file: /home/cfdm/OpenFOAM_Opt/pitzDaily_opt/Tune_K_Epsilon/.smartsim/telemetry/manifest.json
2025-06-10 11:48:48,124 cfdm-MS-7A15 TelemetryMonitor[807911:Thread-1] INFO Opened file: /home/cfdm/OpenFOAM_Opt/pitzDaily_opt/Tune_K_Epsilon/.smartsim/telemetry/manifest.json
2025-06-10 11:49:04,841 cfdm-MS-7A15 TelemetryMonitor[807911:MainThread] INFO Cooldown 5.56% complete
2025-06-10 11:49:09,847 cfdm-MS-7A15 TelemetryMonitor[807911:MainThread] INFO Cooldown 11.12% complete
2025-06-10 11:49:14,852 cfdm-MS-7A15 TelemetryMonitor[807911:MainThread] INFO Cooldown 16.68% complete
2025-06-10 11:49:19,856 cfdm-MS-7A15 TelemetryMonitor[807911:MainThread] INFO Cooldown 22.24% complete
2025-06-10 11:49:24,861 cfdm-MS-7A15 TelemetryMonitor[807911:MainThread] INFO Cooldown 27.80% complete
2025-06-10 11:49:29,865 cfdm-MS-7A15 TelemetryMonitor[807911:MainThread] INFO Cooldown 33.37% complete
2025-06-10 11:49:34,869 cfdm-MS-7A15 TelemetryMonitor[807911:MainThread] INFO Cooldown 38.92% complete
2025-06-10 11:49:39,873 cfdm-MS-7A15 TelemetryMonitor[807911:MainThread] INFO Cooldown 44.49% complete
2025-06-10 11:49:44,876 cfdm-MS-7A15 TelemetryMonitor[807911:MainThread] INFO Cooldown 50.04% complete
2025-06-10 11:49:49,880 cfdm-MS-7A15 TelemetryMonitor[807911:MainThread] INFO Cooldown 55.60% complete
2025-06-10 11:49:54,884 cfdm-MS-7A15 TelemetryMonitor[807911:MainThread] INFO Cooldown 61.16% complete
2025-06-10 11:49:59,889 cfdm-MS-7A15 TelemetryMonitor[807911:MainThread] INFO Cooldown 66.72% complete
2025-06-10 11:50:04,892 cfdm-MS-7A15 TelemetryMonitor[807911:MainThread] INFO Cooldown 72.28% complete
2025-06-10 11:50:09,897 cfdm-MS-7A15 TelemetryMonitor[807911:MainThread] INFO Cooldown 77.85% complete
2025-06-10 11:50:14,900 cfdm-MS-7A15 TelemetryMonitor[807911:MainThread] INFO Cooldown 83.40% complete
2025-06-10 11:50:19,905 cfdm-MS-7A15 TelemetryMonitor[807911:MainThread] INFO Cooldown 88.96% complete
2025-06-10 11:50:24,909 cfdm-MS-7A15 TelemetryMonitor[807911:MainThread] INFO Cooldown 94.53% complete
2025-06-10 11:50:29,913 cfdm-MS-7A15 TelemetryMonitor[807911:MainThread] INFO Cooldown complete. Beginning shutdown
2025-06-10 11:50:29,929 cfdm-MS-7A15 TelemetryMonitor[807911:MainThread] INFO Exiting telemetry monitor event loop
2025-06-10 11:50:29,929 cfdm-MS-7A15 TelemetryMonitor[807911:MainThread] INFO Telemetry monitor shutdown complete
2025-06-10 11:54:48,270 cfdm-MS-7A15 TelemetryMonitor[808015:MainThread] INFO Executing telemetry monitor
2025-06-10 11:54:48,270 cfdm-MS-7A15 TelemetryMonitor[808015:MainThread] INFO Polling frequency: 5.0s
2025-06-10 11:54:48,270 cfdm-MS-7A15 TelemetryMonitor[808015:MainThread] INFO Experiment directory: /home/cfdm/OpenFOAM_Opt/pitzDaily_opt/Tune_K_Epsilon
2025-06-10 11:54:48,270 cfdm-MS-7A15 TelemetryMonitor[808015:MainThread] INFO Telemetry output: /home/cfdm/OpenFOAM_Opt/pitzDaily_opt/Tune_K_Epsilon/.smartsim/telemetry
2025-06-10 11:54:58,289 cfdm-MS-7A15 TelemetryMonitor[808015:MainThread] INFO Cooldown 5.56% complete
2025-06-10 11:55:03,292 cfdm-MS-7A15 TelemetryMonitor[808015:MainThread] INFO Cooldown 11.12% complete
2025-06-10 11:55:06,471 cfdm-MS-7A15 TelemetryMonitor[808015:Thread-1] INFO Opened file: /home/cfdm/OpenFOAM_Opt/pitzDaily_opt/Tune_K_Epsilon/.smartsim/telemetry/manifest.json
2025-06-10 11:55:06,472 cfdm-MS-7A15 TelemetryMonitor[808015:Thread-1] INFO Modified file: /home/cfdm/OpenFOAM_Opt/pitzDaily_opt/Tune_K_Epsilon/.smartsim/telemetry/manifest.json
2025-06-10 11:55:06,484 cfdm-MS-7A15 TelemetryMonitor[808015:Thread-1] INFO Opened file: /home/cfdm/OpenFOAM_Opt/pitzDaily_opt/Tune_K_Epsilon/.smartsim/telemetry/manifest.json
2025-06-10 11:55:06,484 cfdm-MS-7A15 TelemetryMonitor[808015:Thread-1] INFO Modified file: /home/cfdm/OpenFOAM_Opt/pitzDaily_opt/Tune_K_Epsilon/.smartsim/telemetry/manifest.json
2025-06-10 11:55:06,495 cfdm-MS-7A15 TelemetryMonitor[808015:Thread-1] INFO Closed file: /home/cfdm/OpenFOAM_Opt/pitzDaily_opt/Tune_K_Epsilon/.smartsim/telemetry/manifest.json
2025-06-10 11:55:06,495 cfdm-MS-7A15 TelemetryMonitor[808015:Thread-1] INFO Modified directory: /home/cfdm/OpenFOAM_Opt/pitzDaily_opt/Tune_K_Epsilon/.smartsim/telemetry
2025-06-10 11:55:06,495 cfdm-MS-7A15 TelemetryMonitor[808015:Thread-1] INFO Opened file: /home/cfdm/OpenFOAM_Opt/pitzDaily_opt/Tune_K_Epsilon/.smartsim/telemetry/manifest.json
2025-06-10 11:55:06,496 cfdm-MS-7A15 TelemetryMonitor[808015:Thread-1] INFO Opened file: /home/cfdm/OpenFOAM_Opt/pitzDaily_opt/Tune_K_Epsilon/.smartsim/telemetry/manifest.json
2025-06-10 11:55:23,310 cfdm-MS-7A15 TelemetryMonitor[808015:MainThread] INFO Cooldown 5.56% complete
2025-06-10 11:55:28,312 cfdm-MS-7A15 TelemetryMonitor[808015:MainThread] INFO Cooldown 11.12% complete
2025-06-10 11:55:30,164 cfdm-MS-7A15 TelemetryMonitor[808015:Thread-1] INFO Opened file: /home/cfdm/OpenFOAM_Opt/pitzDaily_opt/Tune_K_Epsilon/.smartsim/telemetry/manifest.json
2025-06-10 11:55:30,164 cfdm-MS-7A15 TelemetryMonitor[808015:Thread-1] INFO Modified file: /home/cfdm/OpenFOAM_Opt/pitzDaily_opt/Tune_K_Epsilon/.smartsim/telemetry/manifest.json
2025-06-10 11:55:30,176 cfdm-MS-7A15 TelemetryMonitor[808015:Thread-1] INFO Opened file: /home/cfdm/OpenFOAM_Opt/pitzDaily_opt/Tune_K_Epsilon/.smartsim/telemetry/manifest.json
2025-06-10 11:55:30,176 cfdm-MS-7A15 TelemetryMonitor[808015:Thread-1] INFO Modified file: /home/cfdm/OpenFOAM_Opt/pitzDaily_opt/Tune_K_Epsilon/.smartsim/telemetry/manifest.json
2025-06-10 11:55:30,187 cfdm-MS-7A15 TelemetryMonitor[808015:Thread-1] INFO Closed file: /home/cfdm/OpenFOAM_Opt/pitzDaily_opt/Tune_K_Epsilon/.smartsim/telemetry/manifest.json
2025-06-10 11:55:30,187 cfdm-MS-7A15 TelemetryMonitor[808015:Thread-1] INFO Modified directory: /home/cfdm/OpenFOAM_Opt/pitzDaily_opt/Tune_K_Epsilon/.smartsim/telemetry
2025-06-10 11:55:30,187 cfdm-MS-7A15 TelemetryMonitor[808015:Thread-1] INFO Opened file: /home/cfdm/OpenFOAM_Opt/pitzDaily_opt/Tune_K_Epsilon/.smartsim/telemetry/manifest.json
2025-06-10 11:55:30,188 cfdm-MS-7A15 TelemetryMonitor[808015:Thread-1] INFO Opened file: /home/cfdm/OpenFOAM_Opt/pitzDaily_opt/Tune_K_Epsilon/.smartsim/telemetry/manifest.json
2025-06-10 11:55:48,334 cfdm-MS-7A15 TelemetryMonitor[808015:MainThread] INFO Cooldown 5.56% complete
2025-06-10 11:55:53,336 cfdm-MS-7A15 TelemetryMonitor[808015:MainThread] INFO Cooldown 11.12% complete
2025-06-10 11:55:54,805 cfdm-MS-7A15 TelemetryMonitor[808015:Thread-1] INFO Opened file: /home/cfdm/OpenFOAM_Opt/pitzDaily_opt/Tune_K_Epsilon/.smartsim/telemetry/manifest.json
2025-06-10 11:55:54,805 cfdm-MS-7A15 TelemetryMonitor[808015:Thread-1] INFO Modified file: /home/cfdm/OpenFOAM_Opt/pitzDaily_opt/Tune_K_Epsilon/.smartsim/telemetry/manifest.json
2025-06-10 11:55:54,818 cfdm-MS-7A15 TelemetryMonitor[808015:Thread-1] INFO Opened file: /home/cfdm/OpenFOAM_Opt/pitzDaily_opt/Tune_K_Epsilon/.smartsim/telemetry/manifest.json
2025-06-10 11:55:54,818 cfdm-MS-7A15 TelemetryMonitor[808015:Thread-1] INFO Modified file: /home/cfdm/OpenFOAM_Opt/pitzDaily_opt/Tune_K_Epsilon/.smartsim/telemetry/manifest.json
2025-06-10 11:55:54,829 cfdm-MS-7A15 TelemetryMonitor[808015:Thread-1] INFO Closed file: /home/cfdm/OpenFOAM_Opt/pitzDaily_opt/Tune_K_Epsilon/.smartsim/telemetry/manifest.json
2025-06-10 11:55:54,829 cfdm-MS-7A15 TelemetryMonitor[808015:Thread-1] INFO Modified directory: /home/cfdm/OpenFOAM_Opt/pitzDaily_opt/Tune_K_Epsilon/.smartsim/telemetry
2025-06-10 11:55:54,830 cfdm-MS-7A15 TelemetryMonitor[808015:Thread-1] INFO Opened file: /home/cfdm/OpenFOAM_Opt/pitzDaily_opt/Tune_K_Epsilon/.smartsim/telemetry/manifest.json
2025-06-10 11:55:54,830 cfdm-MS-7A15 TelemetryMonitor[808015:Thread-1] INFO Opened file: /home/cfdm/OpenFOAM_Opt/pitzDaily_opt/Tune_K_Epsilon/.smartsim/telemetry/manifest.json
2025-06-10 11:56:13,353 cfdm-MS-7A15 TelemetryMonitor[808015:MainThread] INFO Cooldown 5.56% complete
2025-06-10 11:56:18,356 cfdm-MS-7A15 TelemetryMonitor[808015:MainThread] INFO Cooldown 11.12% complete
2025-06-10 11:56:19,502 cfdm-MS-7A15 TelemetryMonitor[808015:Thread-1] INFO Opened file: /home/cfdm/OpenFOAM_Opt/pitzDaily_opt/Tune_K_Epsilon/.smartsim/telemetry/manifest.json
2025-06-10 11:56:19,504 cfdm-MS-7A15 TelemetryMonitor[808015:Thread-1] INFO Modified file: /home/cfdm/OpenFOAM_Opt/pitzDaily_opt/Tune_K_Epsilon/.smartsim/telemetry/manifest.json
2025-06-10 11:56:19,517 cfdm-MS-7A15 TelemetryMonitor[808015:Thread-1] INFO Opened file: /home/cfdm/OpenFOAM_Opt/pitzDaily_opt/Tune_K_Epsilon/.smartsim/telemetry/manifest.json
2025-06-10 11:56:19,517 cfdm-MS-7A15 TelemetryMonitor[808015:Thread-1] INFO Modified file: /home/cfdm/OpenFOAM_Opt/pitzDaily_opt/Tune_K_Epsilon/.smartsim/telemetry/manifest.json
2025-06-10 11:56:19,529 cfdm-MS-7A15 TelemetryMonitor[808015:Thread-1] INFO Closed file: /home/cfdm/OpenFOAM_Opt/pitzDaily_opt/Tune_K_Epsilon/.smartsim/telemetry/manifest.json
2025-06-10 11:56:19,529 cfdm-MS-7A15 TelemetryMonitor[808015:Thread-1] INFO Modified directory: /home/cfdm/OpenFOAM_Opt/pitzDaily_opt/Tune_K_Epsilon/.smartsim/telemetry
2025-06-10 11:56:19,529 cfdm-MS-7A15 TelemetryMonitor[808015:Thread-1] INFO Opened file: /home/cfdm/OpenFOAM_Opt/pitzDaily_opt/Tune_K_Epsilon/.smartsim/telemetry/manifest.json
2025-06-10 11:56:19,529 cfdm-MS-7A15 TelemetryMonitor[808015:Thread-1] INFO Opened file: /home/cfdm/OpenFOAM_Opt/pitzDaily_opt/Tune_K_Epsilon/.smartsim/telemetry/manifest.json
2025-06-10 11:56:38,373 cfdm-MS-7A15 TelemetryMonitor[808015:MainThread] INFO Cooldown 5.56% complete
2025-06-10 11:56:43,376 cfdm-MS-7A15 TelemetryMonitor[808015:MainThread] INFO Cooldown 11.12% complete
2025-06-10 11:56:44,171 cfdm-MS-7A15 TelemetryMonitor[808015:Thread-1] INFO Opened file: /home/cfdm/OpenFOAM_Opt/pitzDaily_opt/Tune_K_Epsilon/.smartsim/telemetry/manifest.json
2025-06-10 11:56:44,171 cfdm-MS-7A15 TelemetryMonitor[808015:Thread-1] INFO Modified file: /home/cfdm/OpenFOAM_Opt/pitzDaily_opt/Tune_K_Epsilon/.smartsim/telemetry/manifest.json
2025-06-10 11:56:44,183 cfdm-MS-7A15 TelemetryMonitor[808015:Thread-1] INFO Opened file: /home/cfdm/OpenFOAM_Opt/pitzDaily_opt/Tune_K_Epsilon/.smartsim/telemetry/manifest.json
2025-06-10 11:56:44,183 cfdm-MS-7A15 TelemetryMonitor[808015:Thread-1] INFO Modified file: /home/cfdm/OpenFOAM_Opt/pitzDaily_opt/Tune_K_Epsilon/.smartsim/telemetry/manifest.json
2025-06-10 11:56:44,195 cfdm-MS-7A15 TelemetryMonitor[808015:Thread-1] INFO Closed file: /home/cfdm/OpenFOAM_Opt/pitzDaily_opt/Tune_K_Epsilon/.smartsim/telemetry/manifest.json
2025-06-10 11:56:44,195 cfdm-MS-7A15 TelemetryMonitor[808015:Thread-1] INFO Modified directory: /home/cfdm/OpenFOAM_Opt/pitzDaily_opt/Tune_K_Epsilon/.smartsim/telemetry
2025-06-10 11:56:44,195 cfdm-MS-7A15 TelemetryMonitor[808015:Thread-1] INFO Opened file: /home/cfdm/OpenFOAM_Opt/pitzDaily_opt/Tune_K_Epsilon/.smartsim/telemetry/manifest.json
2025-06-10 11:56:44,195 cfdm-MS-7A15 TelemetryMonitor[808015:Thread-1] INFO Opened file: /home/cfdm/OpenFOAM_Opt/pitzDaily_opt/Tune_K_Epsilon/.smartsim/telemetry/manifest.json
2025-06-10 11:57:03,393 cfdm-MS-7A15 TelemetryMonitor[808015:MainThread] INFO Cooldown 5.56% complete
2025-06-10 11:57:08,396 cfdm-MS-7A15 TelemetryMonitor[808015:MainThread] INFO Cooldown 11.12% complete
2025-06-10 11:57:09,008 cfdm-MS-7A15 TelemetryMonitor[808015:Thread-1] INFO Opened file: /home/cfdm/OpenFOAM_Opt/pitzDaily_opt/Tune_K_Epsilon/.smartsim/telemetry/manifest.json
2025-06-10 11:57:09,009 cfdm-MS-7A15 TelemetryMonitor[808015:Thread-1] INFO Modified file: /home/cfdm/OpenFOAM_Opt/pitzDaily_opt/Tune_K_Epsilon/.smartsim/telemetry/manifest.json
2025-06-10 11:57:09,022 cfdm-MS-7A15 TelemetryMonitor[808015:Thread-1] INFO Opened file: /home/cfdm/OpenFOAM_Opt/pitzDaily_opt/Tune_K_Epsilon/.smartsim/telemetry/manifest.json
2025-06-10 11:57:09,022 cfdm-MS-7A15 TelemetryMonitor[808015:Thread-1] INFO Modified file: /home/cfdm/OpenFOAM_Opt/pitzDaily_opt/Tune_K_Epsilon/.smartsim/telemetry/manifest.json
2025-06-10 11:57:09,034 cfdm-MS-7A15 TelemetryMonitor[808015:Thread-1] INFO Closed file: /home/cfdm/OpenFOAM_Opt/pitzDaily_opt/Tune_K_Epsilon/.smartsim/telemetry/manifest.json
2025-06-10 11:57:09,034 cfdm-MS-7A15 TelemetryMonitor[808015:Thread-1] INFO Modified directory: /home/cfdm/OpenFOAM_Opt/pitzDaily_opt/Tune_K_Epsilon/.smartsim/telemetry
2025-06-10 11:57:09,034 cfdm-MS-7A15 TelemetryMonitor[808015:Thread-1] INFO Opened file: /home/cfdm/OpenFOAM_Opt/pitzDaily_opt/Tune_K_Epsilon/.smartsim/telemetry/manifest.json
2025-06-10 11:57:09,034 cfdm-MS-7A15 TelemetryMonitor[808015:Thread-1] INFO Opened file: /home/cfdm/OpenFOAM_Opt/pitzDaily_opt/Tune_K_Epsilon/.smartsim/telemetry/manifest.json
2025-06-10 11:57:28,413 cfdm-MS-7A15 TelemetryMonitor[808015:MainThread] INFO Cooldown 5.56% complete
2025-06-10 11:57:33,416 cfdm-MS-7A15 TelemetryMonitor[808015:MainThread] INFO Cooldown 11.12% complete
2025-06-10 11:57:34,393 cfdm-MS-7A15 TelemetryMonitor[808015:Thread-1] INFO Opened file: /home/cfdm/OpenFOAM_Opt/pitzDaily_opt/Tune_K_Epsilon/.smartsim/telemetry/manifest.json
2025-06-10 11:57:34,394 cfdm-MS-7A15 TelemetryMonitor[808015:Thread-1] INFO Modified file: /home/cfdm/OpenFOAM_Opt/pitzDaily_opt/Tune_K_Epsilon/.smartsim/telemetry/manifest.json
2025-06-10 11:57:34,407 cfdm-MS-7A15 TelemetryMonitor[808015:Thread-1] INFO Opened file: /home/cfdm/OpenFOAM_Opt/pitzDaily_opt/Tune_K_Epsilon/.smartsim/telemetry/manifest.json
2025-06-10 11:57:34,407 cfdm-MS-7A15 TelemetryMonitor[808015:Thread-1] INFO Modified file: /home/cfdm/OpenFOAM_Opt/pitzDaily_opt/Tune_K_Epsilon/.smartsim/telemetry/manifest.json
2025-06-10 11:57:34,419 cfdm-MS-7A15 TelemetryMonitor[808015:Thread-1] INFO Closed file: /home/cfdm/OpenFOAM_Opt/pitzDaily_opt/Tune_K_Epsilon/.smartsim/telemetry/manifest.json
2025-06-10 11:57:34,419 cfdm-MS-7A15 TelemetryMonitor[808015:Thread-1] INFO Modified directory: /home/cfdm/OpenFOAM_Opt/pitzDaily_opt/Tune_K_Epsilon/.smartsim/telemetry
2025-06-10 11:57:34,419 cfdm-MS-7A15 TelemetryMonitor[808015:Thread-1] INFO Opened file: /home/cfdm/OpenFOAM_Opt/pitzDaily_opt/Tune_K_Epsilon/.smartsim/telemetry/manifest.json
2025-06-10 11:57:34,420 cfdm-MS-7A15 TelemetryMonitor[808015:Thread-1] INFO Opened file: /home/cfdm/OpenFOAM_Opt/pitzDaily_opt/Tune_K_Epsilon/.smartsim/telemetry/manifest.json
2025-06-10 11:57:53,433 cfdm-MS-7A15 TelemetryMonitor[808015:MainThread] INFO Cooldown 5.56% complete
2025-06-10 11:57:58,436 cfdm-MS-7A15 TelemetryMonitor[808015:MainThread] INFO Cooldown 11.12% complete
2025-06-10 11:57:59,704 cfdm-MS-7A15 TelemetryMonitor[808015:Thread-1] INFO Opened file: /home/cfdm/OpenFOAM_Opt/pitzDaily_opt/Tune_K_Epsilon/.smartsim/telemetry/manifest.json
2025-06-10 11:57:59,705 cfdm-MS-7A15 TelemetryMonitor[808015:Thread-1] INFO Modified file: /home/cfdm/OpenFOAM_Opt/pitzDaily_opt/Tune_K_Epsilon/.smartsim/telemetry/manifest.json
2025-06-10 11:57:59,717 cfdm-MS-7A15 TelemetryMonitor[808015:Thread-1] INFO Opened file: /home/cfdm/OpenFOAM_Opt/pitzDaily_opt/Tune_K_Epsilon/.smartsim/telemetry/manifest.json
2025-06-10 11:57:59,718 cfdm-MS-7A15 TelemetryMonitor[808015:Thread-1] INFO Modified file: /home/cfdm/OpenFOAM_Opt/pitzDaily_opt/Tune_K_Epsilon/.smartsim/telemetry/manifest.json
2025-06-10 11:57:59,730 cfdm-MS-7A15 TelemetryMonitor[808015:Thread-1] INFO Closed file: /home/cfdm/OpenFOAM_Opt/pitzDaily_opt/Tune_K_Epsilon/.smartsim/telemetry/manifest.json
2025-06-10 11:57:59,730 cfdm-MS-7A15 TelemetryMonitor[808015:Thread-1] INFO Modified directory: /home/cfdm/OpenFOAM_Opt/pitzDaily_opt/Tune_K_Epsilon/.smartsim/telemetry
2025-06-10 11:57:59,730 cfdm-MS-7A15 TelemetryMonitor[808015:Thread-1] INFO Opened file: /home/cfdm/OpenFOAM_Opt/pitzDaily_opt/Tune_K_Epsilon/.smartsim/telemetry/manifest.json
2025-06-10 11:57:59,730 cfdm-MS-7A15 TelemetryMonitor[808015:Thread-1] INFO Opened file: /home/cfdm/OpenFOAM_Opt/pitzDaily_opt/Tune_K_Epsilon/.smartsim/telemetry/manifest.json
2025-06-10 11:58:18,453 cfdm-MS-7A15 TelemetryMonitor[808015:MainThread] INFO Cooldown 5.56% complete
2025-06-10 11:58:23,456 cfdm-MS-7A15 TelemetryMonitor[808015:MainThread] INFO Cooldown 11.12% complete
2025-06-10 11:58:25,340 cfdm-MS-7A15 TelemetryMonitor[808015:Thread-1] INFO Opened file: /home/cfdm/OpenFOAM_Opt/pitzDaily_opt/Tune_K_Epsilon/.smartsim/telemetry/manifest.json
2025-06-10 11:58:25,341 cfdm-MS-7A15 TelemetryMonitor[808015:Thread-1] INFO Modified file: /home/cfdm/OpenFOAM_Opt/pitzDaily_opt/Tune_K_Epsilon/.smartsim/telemetry/manifest.json
2025-06-10 11:58:25,354 cfdm-MS-7A15 TelemetryMonitor[808015:Thread-1] INFO Opened file: /home/cfdm/OpenFOAM_Opt/pitzDaily_opt/Tune_K_Epsilon/.smartsim/telemetry/manifest.json
2025-06-10 11:58:25,354 cfdm-MS-7A15 TelemetryMonitor[808015:Thread-1] INFO Modified file: /home/cfdm/OpenFOAM_Opt/pitzDaily_opt/Tune_K_Epsilon/.smartsim/telemetry/manifest.json
2025-06-10 11:58:25,366 cfdm-MS-7A15 TelemetryMonitor[808015:Thread-1] INFO Closed file: /home/cfdm/OpenFOAM_Opt/pitzDaily_opt/Tune_K_Epsilon/.smartsim/telemetry/manifest.json
2025-06-10 11:58:25,366 cfdm-MS-7A15 TelemetryMonitor[808015:Thread-1] INFO Modified directory: /home/cfdm/OpenFOAM_Opt/pitzDaily_opt/Tune_K_Epsilon/.smartsim/telemetry
2025-06-10 11:58:25,366 cfdm-MS-7A15 TelemetryMonitor[808015:Thread-1] INFO Opened file: /home/cfdm/OpenFOAM_Opt/pitzDaily_opt/Tune_K_Epsilon/.smartsim/telemetry/manifest.json
2025-06-10 11:58:25,367 cfdm-MS-7A15 TelemetryMonitor[808015:Thread-1] INFO Opened file: /home/cfdm/OpenFOAM_Opt/pitzDaily_opt/Tune_K_Epsilon/.smartsim/telemetry/manifest.json
2025-06-10 11:58:43,474 cfdm-MS-7A15 TelemetryMonitor[808015:MainThread] INFO Cooldown 5.56% complete
2025-06-10 11:58:48,478 cfdm-MS-7A15 TelemetryMonitor[808015:MainThread] INFO Cooldown 11.12% complete
2025-06-10 11:58:51,286 cfdm-MS-7A15 TelemetryMonitor[808015:Thread-1] INFO Opened file: /home/cfdm/OpenFOAM_Opt/pitzDaily_opt/Tune_K_Epsilon/.smartsim/telemetry/manifest.json
2025-06-10 11:58:51,287 cfdm-MS-7A15 TelemetryMonitor[808015:Thread-1] INFO Modified file: /home/cfdm/OpenFOAM_Opt/pitzDaily_opt/Tune_K_Epsilon/.smartsim/telemetry/manifest.json
2025-06-10 11:58:51,300 cfdm-MS-7A15 TelemetryMonitor[808015:Thread-1] INFO Opened file: /home/cfdm/OpenFOAM_Opt/pitzDaily_opt/Tune_K_Epsilon/.smartsim/telemetry/manifest.json
2025-06-10 11:58:51,300 cfdm-MS-7A15 TelemetryMonitor[808015:Thread-1] INFO Modified file: /home/cfdm/OpenFOAM_Opt/pitzDaily_opt/Tune_K_Epsilon/.smartsim/telemetry/manifest.json
2025-06-10 11:58:51,312 cfdm-MS-7A15 TelemetryMonitor[808015:Thread-1] INFO Closed file: /home/cfdm/OpenFOAM_Opt/pitzDaily_opt/Tune_K_Epsilon/.smartsim/telemetry/manifest.json
2025-06-10 11:58:51,313 cfdm-MS-7A15 TelemetryMonitor[808015:Thread-1] INFO Modified directory: /home/cfdm/OpenFOAM_Opt/pitzDaily_opt/Tune_K_Epsilon/.smartsim/telemetry
2025-06-10 11:58:51,313 cfdm-MS-7A15 TelemetryMonitor[808015:Thread-1] INFO Opened file: /home/cfdm/OpenFOAM_Opt/pitzDaily_opt/Tune_K_Epsilon/.smartsim/telemetry/manifest.json
2025-06-10 11:58:51,313 cfdm-MS-7A15 TelemetryMonitor[808015:Thread-1] INFO Opened file: /home/cfdm/OpenFOAM_Opt/pitzDaily_opt/Tune_K_Epsilon/.smartsim/telemetry/manifest.json
2025-06-10 11:59:08,494 cfdm-MS-7A15 TelemetryMonitor[808015:MainThread] INFO Cooldown 5.56% complete
2025-06-10 11:59:12,387 cfdm-MS-7A15 TelemetryMonitor[808015:Thread-1] INFO Opened file: /home/cfdm/OpenFOAM_Opt/pitzDaily_opt/Tune_K_Epsilon/.smartsim/telemetry/manifest.json
2025-06-10 11:59:12,387 cfdm-MS-7A15 TelemetryMonitor[808015:Thread-1] INFO Modified file: /home/cfdm/OpenFOAM_Opt/pitzDaily_opt/Tune_K_Epsilon/.smartsim/telemetry/manifest.json
2025-06-10 11:59:12,400 cfdm-MS-7A15 TelemetryMonitor[808015:Thread-1] INFO Opened file: /home/cfdm/OpenFOAM_Opt/pitzDaily_opt/Tune_K_Epsilon/.smartsim/telemetry/manifest.json
2025-06-10 11:59:12,400 cfdm-MS-7A15 TelemetryMonitor[808015:Thread-1] INFO Modified file: /home/cfdm/OpenFOAM_Opt/pitzDaily_opt/Tune_K_Epsilon/.smartsim/telemetry/manifest.json
2025-06-10 11:59:12,413 cfdm-MS-7A15 TelemetryMonitor[808015:Thread-1] INFO Closed file: /home/cfdm/OpenFOAM_Opt/pitzDaily_opt/Tune_K_Epsilon/.smartsim/telemetry/manifest.json
2025-06-10 11:59:12,413 cfdm-MS-7A15 TelemetryMonitor[808015:Thread-1] INFO Modified directory: /home/cfdm/OpenFOAM_Opt/pitzDaily_opt/Tune_K_Epsilon/.smartsim/telemetry
2025-06-10 11:59:12,413 cfdm-MS-7A15 TelemetryMonitor[808015:Thread-1] INFO Opened file: /home/cfdm/OpenFOAM_Opt/pitzDaily_opt/Tune_K_Epsilon/.smartsim/telemetry/manifest.json
2025-06-10 11:59:23,505 cfdm-MS-7A15 TelemetryMonitor[808015:MainThread] INFO Cooldown 5.56% complete
2025-06-10 11:59:28,510 cfdm-MS-7A15 TelemetryMonitor[808015:MainThread] INFO Cooldown 11.12% complete
2025-06-10 11:59:33,513 cfdm-MS-7A15 TelemetryMonitor[808015:MainThread] INFO Cooldown 16.68% complete
2025-06-10 11:59:38,517 cfdm-MS-7A15 TelemetryMonitor[808015:MainThread] INFO Cooldown 22.24% complete
2025-06-10 11:59:43,521 cfdm-MS-7A15 TelemetryMonitor[808015:MainThread] INFO Cooldown 27.80% complete
2025-06-10 11:59:48,525 cfdm-MS-7A15 TelemetryMonitor[808015:MainThread] INFO Cooldown 33.36% complete
2025-06-10 11:59:53,529 cfdm-MS-7A15 TelemetryMonitor[808015:MainThread] INFO Cooldown 38.92% complete
2025-06-10 11:59:58,533 cfdm-MS-7A15 TelemetryMonitor[808015:MainThread] INFO Cooldown 44.48% complete
2025-06-10 12:00:03,537 cfdm-MS-7A15 TelemetryMonitor[808015:MainThread] INFO Cooldown 50.04% complete
2025-06-10 12:00:08,543 cfdm-MS-7A15 TelemetryMonitor[808015:MainThread] INFO Cooldown 55.60% complete
2025-06-10 12:00:13,548 cfdm-MS-7A15 TelemetryMonitor[808015:MainThread] INFO Cooldown 61.16% complete
2025-06-10 12:00:18,553 cfdm-MS-7A15 TelemetryMonitor[808015:MainThread] INFO Cooldown 66.72% complete
2025-06-10 12:00:23,557 cfdm-MS-7A15 TelemetryMonitor[808015:MainThread] INFO Cooldown 72.28% complete
2025-06-10 12:00:28,561 cfdm-MS-7A15 TelemetryMonitor[808015:MainThread] INFO Cooldown 77.84% complete
2025-06-10 12:00:33,565 cfdm-MS-7A15 TelemetryMonitor[808015:MainThread] INFO Cooldown 83.40% complete
2025-06-10 12:00:38,569 cfdm-MS-7A15 TelemetryMonitor[808015:MainThread] INFO Cooldown 88.96% complete
2025-06-10 12:00:43,573 cfdm-MS-7A15 TelemetryMonitor[808015:MainThread] INFO Cooldown 94.52% complete
2025-06-10 12:00:48,577 cfdm-MS-7A15 TelemetryMonitor[808015:MainThread] INFO Cooldown complete. Beginning shutdown
2025-06-10 12:00:48,593 cfdm-MS-7A15 TelemetryMonitor[808015:MainThread] INFO Exiting telemetry monitor event loop
2025-06-10 12:00:48,594 cfdm-MS-7A15 TelemetryMonitor[808015:MainThread] INFO Telemetry monitor shutdown complete
2025-06-10 16:40:40,174 cfdm-MS-7A15 TelemetryMonitor[811895:MainThread] INFO Executing telemetry monitor
2025-06-10 16:40:40,174 cfdm-MS-7A15 TelemetryMonitor[811895:MainThread] INFO Polling frequency: 5.0s
2025-06-10 16:40:40,174 cfdm-MS-7A15 TelemetryMonitor[811895:MainThread] INFO Experiment directory: /home/cfdm/OpenFOAM_Opt/pitzDaily_opt/Tune_K_Epsilon
2025-06-10 16:40:40,174 cfdm-MS-7A15 TelemetryMonitor[811895:MainThread] INFO Telemetry output: /home/cfdm/OpenFOAM_Opt/pitzDaily_opt/Tune_K_Epsilon/.smartsim/telemetry
2025-06-10 16:40:45,192 cfdm-MS-7A15 TelemetryMonitor[811895:MainThread] INFO Cooldown 5.56% complete
2025-06-10 16:40:48,384 cfdm-MS-7A15 TelemetryMonitor[811895:Thread-1] INFO Opened file: /home/cfdm/OpenFOAM_Opt/pitzDaily_opt/Tune_K_Epsilon/.smartsim/telemetry/manifest.json
2025-06-10 16:40:48,397 cfdm-MS-7A15 TelemetryMonitor[811895:Thread-1] INFO Modified file: /home/cfdm/OpenFOAM_Opt/pitzDaily_opt/Tune_K_Epsilon/.smartsim/telemetry/manifest.json
2025-06-10 16:40:48,398 cfdm-MS-7A15 TelemetryMonitor[811895:Thread-1] INFO Opened file: /home/cfdm/OpenFOAM_Opt/pitzDaily_opt/Tune_K_Epsilon/.smartsim/telemetry/manifest.json
2025-06-10 16:40:48,410 cfdm-MS-7A15 TelemetryMonitor[811895:Thread-1] INFO Modified file: /home/cfdm/OpenFOAM_Opt/pitzDaily_opt/Tune_K_Epsilon/.smartsim/telemetry/manifest.json
2025-06-10 16:40:48,411 cfdm-MS-7A15 TelemetryMonitor[811895:Thread-1] INFO Closed file: /home/cfdm/OpenFOAM_Opt/pitzDaily_opt/Tune_K_Epsilon/.smartsim/telemetry/manifest.json
2025-06-10 16:40:48,411 cfdm-MS-7A15 TelemetryMonitor[811895:Thread-1] INFO Modified directory: /home/cfdm/OpenFOAM_Opt/pitzDaily_opt/Tune_K_Epsilon/.smartsim/telemetry
2025-06-10 16:40:48,411 cfdm-MS-7A15 TelemetryMonitor[811895:Thread-1] INFO Opened file: /home/cfdm/OpenFOAM_Opt/pitzDaily_opt/Tune_K_Epsilon/.smartsim/telemetry/manifest.json
2025-06-10 16:40:48,411 cfdm-MS-7A15 TelemetryMonitor[811895:Thread-1] INFO Opened file: /home/cfdm/OpenFOAM_Opt/pitzDaily_opt/Tune_K_Epsilon/.smartsim/telemetry/manifest.json
2025-06-10 16:40:50,198 cfdm-MS-7A15 TelemetryMonitor[811895:MainThread] INFO Cooldown 11.12% complete
2025-06-10 16:40:55,200 cfdm-MS-7A15 TelemetryMonitor[811895:MainThread] INFO Cooldown 16.68% complete
2025-06-10 16:40:56,989 cfdm-MS-7A15 TelemetryMonitor[811895:Thread-1] INFO Opened file: /home/cfdm/OpenFOAM_Opt/pitzDaily_opt/Tune_K_Epsilon/.smartsim/telemetry/manifest.json
2025-06-10 16:40:57,004 cfdm-MS-7A15 TelemetryMonitor[811895:Thread-1] INFO Modified file: /home/cfdm/OpenFOAM_Opt/pitzDaily_opt/Tune_K_Epsilon/.smartsim/telemetry/manifest.json
2025-06-10 16:40:57,004 cfdm-MS-7A15 TelemetryMonitor[811895:Thread-1] INFO Opened file: /home/cfdm/OpenFOAM_Opt/pitzDaily_opt/Tune_K_Epsilon/.smartsim/telemetry/manifest.json
2025-06-10 16:40:57,017 cfdm-MS-7A15 TelemetryMonitor[811895:Thread-1] INFO Modified file: /home/cfdm/OpenFOAM_Opt/pitzDaily_opt/Tune_K_Epsilon/.smartsim/telemetry/manifest.json
2025-06-10 16:40:57,017 cfdm-MS-7A15 TelemetryMonitor[811895:Thread-1] INFO Closed file: /home/cfdm/OpenFOAM_Opt/pitzDaily_opt/Tune_K_Epsilon/.smartsim/telemetry/manifest.json
2025-06-10 16:40:57,017 cfdm-MS-7A15 TelemetryMonitor[811895:Thread-1] INFO Modified directory: /home/cfdm/OpenFOAM_Opt/pitzDaily_opt/Tune_K_Epsilon/.smartsim/telemetry
2025-06-10 16:40:57,017 cfdm-MS-7A15 TelemetryMonitor[811895:Thread-1] INFO Opened file: /home/cfdm/OpenFOAM_Opt/pitzDaily_opt/Tune_K_Epsilon/.smartsim/telemetry/manifest.json
2025-06-10 16:40:57,018 cfdm-MS-7A15 TelemetryMonitor[811895:Thread-1] INFO Opened file: /home/cfdm/OpenFOAM_Opt/pitzDaily_opt/Tune_K_Epsilon/.smartsim/telemetry/manifest.json
2025-06-10 16:41:00,206 cfdm-MS-7A15 TelemetryMonitor[811895:MainThread] INFO Cooldown 22.24% complete
2025-06-10 16:41:05,208 cfdm-MS-7A15 TelemetryMonitor[811895:MainThread] INFO Cooldown 27.80% complete
2025-06-10 16:41:06,390 cfdm-MS-7A15 TelemetryMonitor[811895:Thread-1] INFO Opened file: /home/cfdm/OpenFOAM_Opt/pitzDaily_opt/Tune_K_Epsilon/.smartsim/telemetry/manifest.json
2025-06-10 16:41:06,404 cfdm-MS-7A15 TelemetryMonitor[811895:Thread-1] INFO Modified file: /home/cfdm/OpenFOAM_Opt/pitzDaily_opt/Tune_K_Epsilon/.smartsim/telemetry/manifest.json
2025-06-10 16:41:06,404 cfdm-MS-7A15 TelemetryMonitor[811895:Thread-1] INFO Opened file: /home/cfdm/OpenFOAM_Opt/pitzDaily_opt/Tune_K_Epsilon/.smartsim/telemetry/manifest.json
2025-06-10 16:41:06,417 cfdm-MS-7A15 TelemetryMonitor[811895:Thread-1] INFO Modified file: /home/cfdm/OpenFOAM_Opt/pitzDaily_opt/Tune_K_Epsilon/.smartsim/telemetry/manifest.json
2025-06-10 16:41:06,417 cfdm-MS-7A15 TelemetryMonitor[811895:Thread-1] INFO Closed file: /home/cfdm/OpenFOAM_Opt/pitzDaily_opt/Tune_K_Epsilon/.smartsim/telemetry/manifest.json
2025-06-10 16:41:06,417 cfdm-MS-7A15 TelemetryMonitor[811895:Thread-1] INFO Modified directory: /home/cfdm/OpenFOAM_Opt/pitzDaily_opt/Tune_K_Epsilon/.smartsim/telemetry
2025-06-10 16:41:06,417 cfdm-MS-7A15 TelemetryMonitor[811895:Thread-1] INFO Opened file: /home/cfdm/OpenFOAM_Opt/pitzDaily_opt/Tune_K_Epsilon/.smartsim/telemetry/manifest.json
2025-06-10 16:41:10,214 cfdm-MS-7A15 TelemetryMonitor[811895:MainThread] INFO Cooldown 33.36% complete
2025-06-10 16:41:15,216 cfdm-MS-7A15 TelemetryMonitor[811895:MainThread] INFO Cooldown 38.92% complete
2025-06-10 16:41:15,885 cfdm-MS-7A15 TelemetryMonitor[811895:Thread-1] INFO Opened file: /home/cfdm/OpenFOAM_Opt/pitzDaily_opt/Tune_K_Epsilon/.smartsim/telemetry/manifest.json
2025-06-10 16:41:15,899 cfdm-MS-7A15 TelemetryMonitor[811895:Thread-1] INFO Modified file: /home/cfdm/OpenFOAM_Opt/pitzDaily_opt/Tune_K_Epsilon/.smartsim/telemetry/manifest.json
2025-06-10 16:41:15,900 cfdm-MS-7A15 TelemetryMonitor[811895:Thread-1] INFO Opened file: /home/cfdm/OpenFOAM_Opt/pitzDaily_opt/Tune_K_Epsilon/.smartsim/telemetry/manifest.json
2025-06-10 16:41:15,912 cfdm-MS-7A15 TelemetryMonitor[811895:Thread-1] INFO Modified file: /home/cfdm/OpenFOAM_Opt/pitzDaily_opt/Tune_K_Epsilon/.smartsim/telemetry/manifest.json
2025-06-10 16:41:15,913 cfdm-MS-7A15 TelemetryMonitor[811895:Thread-1] INFO Closed file: /home/cfdm/OpenFOAM_Opt/pitzDaily_opt/Tune_K_Epsilon/.smartsim/telemetry/manifest.json
2025-06-10 16:41:15,913 cfdm-MS-7A15 TelemetryMonitor[811895:Thread-1] INFO Modified directory: /home/cfdm/OpenFOAM_Opt/pitzDaily_opt/Tune_K_Epsilon/.smartsim/telemetry
2025-06-10 16:41:15,913 cfdm-MS-7A15 TelemetryMonitor[811895:Thread-1] INFO Opened file: /home/cfdm/OpenFOAM_Opt/pitzDaily_opt/Tune_K_Epsilon/.smartsim/telemetry/manifest.json
2025-06-10 16:41:20,224 cfdm-MS-7A15 TelemetryMonitor[811895:MainThread] INFO Cooldown 44.48% complete
2025-06-10 16:41:22,989 cfdm-MS-7A15 TelemetryMonitor[811895:MainThread] INFO Shutdown signal received by telemetry monitor entrypoint
2025-06-10 16:41:25,227 cfdm-MS-7A15 TelemetryMonitor[811895:MainThread] INFO Exiting telemetry monitor event loop
2025-06-10 16:41:25,227 cfdm-MS-7A15 TelemetryMonitor[811895:MainThread] INFO Telemetry monitor shutdown complete
2025-06-11 10:09:26,420 cfdm-MS-7A15 TelemetryMonitor[855016:MainThread] INFO Executing telemetry monitor
2025-06-11 10:09:26,421 cfdm-MS-7A15 TelemetryMonitor[855016:MainThread] INFO Polling frequency: 5.0s
2025-06-11 10:09:26,421 cfdm-MS-7A15 TelemetryMonitor[855016:MainThread] INFO Experiment directory: /home/cfdm/OpenFOAM_Opt/pitzDaily_opt/Tune_K_Epsilon
2025-06-11 10:09:26,421 cfdm-MS-7A15 TelemetryMonitor[855016:MainThread] INFO Telemetry output: /home/cfdm/OpenFOAM_Opt/pitzDaily_opt/Tune_K_Epsilon/.smartsim/telemetry
2025-06-11 10:09:31,441 cfdm-MS-7A15 TelemetryMonitor[855016:MainThread] INFO Cooldown 5.56% complete
2025-06-11 10:09:36,445 cfdm-MS-7A15 TelemetryMonitor[855016:MainThread] INFO Cooldown 11.12% complete
2025-06-11 10:09:41,449 cfdm-MS-7A15 TelemetryMonitor[855016:MainThread] INFO Cooldown 16.68% complete
2025-06-11 10:09:46,453 cfdm-MS-7A15 TelemetryMonitor[855016:MainThread] INFO Cooldown 22.24% complete
2025-06-11 10:09:51,459 cfdm-MS-7A15 TelemetryMonitor[855016:MainThread] INFO Cooldown 27.80% complete
2025-06-11 10:09:55,204 cfdm-MS-7A15 TelemetryMonitor[855016:Thread-1] INFO Opened file: /home/cfdm/OpenFOAM_Opt/pitzDaily_opt/Tune_K_Epsilon/.smartsim/telemetry/manifest.json
2025-06-11 10:09:55,205 cfdm-MS-7A15 TelemetryMonitor[855016:Thread-1] INFO Modified file: /home/cfdm/OpenFOAM_Opt/pitzDaily_opt/Tune_K_Epsilon/.smartsim/telemetry/manifest.json
2025-06-11 10:09:55,219 cfdm-MS-7A15 TelemetryMonitor[855016:Thread-1] INFO Opened file: /home/cfdm/OpenFOAM_Opt/pitzDaily_opt/Tune_K_Epsilon/.smartsim/telemetry/manifest.json
2025-06-11 10:09:55,219 cfdm-MS-7A15 TelemetryMonitor[855016:Thread-1] INFO Modified file: /home/cfdm/OpenFOAM_Opt/pitzDaily_opt/Tune_K_Epsilon/.smartsim/telemetry/manifest.json
2025-06-11 10:09:55,233 cfdm-MS-7A15 TelemetryMonitor[855016:Thread-1] INFO Closed file: /home/cfdm/OpenFOAM_Opt/pitzDaily_opt/Tune_K_Epsilon/.smartsim/telemetry/manifest.json
2025-06-11 10:09:55,233 cfdm-MS-7A15 TelemetryMonitor[855016:Thread-1] INFO Modified directory: /home/cfdm/OpenFOAM_Opt/pitzDaily_opt/Tune_K_Epsilon/.smartsim/telemetry
2025-06-11 10:09:55,233 cfdm-MS-7A15 TelemetryMonitor[855016:Thread-1] INFO Opened file: /home/cfdm/OpenFOAM_Opt/pitzDaily_opt/Tune_K_Epsilon/.smartsim/telemetry/manifest.json
2025-06-11 10:09:56,465 cfdm-MS-7A15 TelemetryMonitor[855016:MainThread] INFO Cooldown 33.36% complete
2025-06-11 10:10:01,468 cfdm-MS-7A15 TelemetryMonitor[855016:MainThread] INFO Cooldown 38.92% complete
2025-06-11 10:10:03,953 cfdm-MS-7A15 TelemetryMonitor[855016:Thread-1] INFO Opened file: /home/cfdm/OpenFOAM_Opt/pitzDaily_opt/Tune_K_Epsilon/.smartsim/telemetry/manifest.json
2025-06-11 10:10:03,956 cfdm-MS-7A15 TelemetryMonitor[855016:Thread-1] INFO Modified file: /home/cfdm/OpenFOAM_Opt/pitzDaily_opt/Tune_K_Epsilon/.smartsim/telemetry/manifest.json
2025-06-11 10:10:04,083 cfdm-MS-7A15 TelemetryMonitor[855016:Thread-1] INFO Opened file: /home/cfdm/OpenFOAM_Opt/pitzDaily_opt/Tune_K_Epsilon/.smartsim/telemetry/manifest.json
2025-06-11 10:10:04,083 cfdm-MS-7A15 TelemetryMonitor[855016:Thread-1] INFO Modified file: /home/cfdm/OpenFOAM_Opt/pitzDaily_opt/Tune_K_Epsilon/.smartsim/telemetry/manifest.json
2025-06-11 10:10:04,100 cfdm-MS-7A15 TelemetryMonitor[855016:Thread-1] INFO Opened file: /home/cfdm/OpenFOAM_Opt/pitzDaily_opt/Tune_K_Epsilon/.smartsim/telemetry/manifest.json
2025-06-11 10:10:04,100 cfdm-MS-7A15 TelemetryMonitor[855016:Thread-1] INFO Modified file: /home/cfdm/OpenFOAM_Opt/pitzDaily_opt/Tune_K_Epsilon/.smartsim/telemetry/manifest.json
2025-06-11 10:10:04,120 cfdm-MS-7A15 TelemetryMonitor[855016:Thread-1] INFO Closed file: /home/cfdm/OpenFOAM_Opt/pitzDaily_opt/Tune_K_Epsilon/.smartsim/telemetry/manifest.json
2025-06-11 10:10:04,120 cfdm-MS-7A15 TelemetryMonitor[855016:Thread-1] INFO Modified directory: /home/cfdm/OpenFOAM_Opt/pitzDaily_opt/Tune_K_Epsilon/.smartsim/telemetry
2025-06-11 10:10:04,121 cfdm-MS-7A15 TelemetryMonitor[855016:Thread-1] INFO Opened file: /home/cfdm/OpenFOAM_Opt/pitzDaily_opt/Tune_K_Epsilon/.smartsim/telemetry/manifest.json
2025-06-11 10:10:06,475 cfdm-MS-7A15 TelemetryMonitor[855016:MainThread] INFO Cooldown 44.48% complete
2025-06-11 10:10:11,476 cfdm-MS-7A15 TelemetryMonitor[855016:MainThread] INFO Cooldown 50.04% complete
2025-06-11 10:10:13,569 cfdm-MS-7A15 TelemetryMonitor[855016:Thread-1] INFO Opened file: /home/cfdm/OpenFOAM_Opt/pitzDaily_opt/Tune_K_Epsilon/.smartsim/telemetry/manifest.json
2025-06-11 10:10:13,572 cfdm-MS-7A15 TelemetryMonitor[855016:Thread-1] INFO Modified file: /home/cfdm/OpenFOAM_Opt/pitzDaily_opt/Tune_K_Epsilon/.smartsim/telemetry/manifest.json
2025-06-11 10:10:13,716 cfdm-MS-7A15 TelemetryMonitor[855016:Thread-1] INFO Opened file: /home/cfdm/OpenFOAM_Opt/pitzDaily_opt/Tune_K_Epsilon/.smartsim/telemetry/manifest.json
2025-06-11 10:10:13,716 cfdm-MS-7A15 TelemetryMonitor[855016:Thread-1] INFO Modified file: /home/cfdm/OpenFOAM_Opt/pitzDaily_opt/Tune_K_Epsilon/.smartsim/telemetry/manifest.json
2025-06-11 10:10:13,731 cfdm-MS-7A15 TelemetryMonitor[855016:Thread-1] INFO Opened file: /home/cfdm/OpenFOAM_Opt/pitzDaily_opt/Tune_K_Epsilon/.smartsim/telemetry/manifest.json
2025-06-11 10:10:13,731 cfdm-MS-7A15 TelemetryMonitor[855016:Thread-1] INFO Modified file: /home/cfdm/OpenFOAM_Opt/pitzDaily_opt/Tune_K_Epsilon/.smartsim/telemetry/manifest.json
2025-06-11 10:10:13,744 cfdm-MS-7A15 TelemetryMonitor[855016:Thread-1] INFO Closed file: /home/cfdm/OpenFOAM_Opt/pitzDaily_opt/Tune_K_Epsilon/.smartsim/telemetry/manifest.json
2025-06-11 10:10:13,745 cfdm-MS-7A15 TelemetryMonitor[855016:Thread-1] INFO Modified directory: /home/cfdm/OpenFOAM_Opt/pitzDaily_opt/Tune_K_Epsilon/.smartsim/telemetry
2025-06-11 10:10:13,745 cfdm-MS-7A15 TelemetryMonitor[855016:Thread-1] INFO Opened file: /home/cfdm/OpenFOAM_Opt/pitzDaily_opt/Tune_K_Epsilon/.smartsim/telemetry/manifest.json
2025-06-11 10:10:16,481 cfdm-MS-7A15 TelemetryMonitor[855016:MainThread] INFO Cooldown 55.60% complete
2025-06-11 10:10:21,484 cfdm-MS-7A15 TelemetryMonitor[855016:MainThread] INFO Cooldown 61.16% complete
2025-06-11 10:10:23,500 cfdm-MS-7A15 TelemetryMonitor[855016:Thread-1] INFO Opened file: /home/cfdm/OpenFOAM_Opt/pitzDaily_opt/Tune_K_Epsilon/.smartsim/telemetry/manifest.json
2025-06-11 10:10:23,501 cfdm-MS-7A15 TelemetryMonitor[855016:Thread-1] INFO Modified file: /home/cfdm/OpenFOAM_Opt/pitzDaily_opt/Tune_K_Epsilon/.smartsim/telemetry/manifest.json
2025-06-11 10:10:23,515 cfdm-MS-7A15 TelemetryMonitor[855016:Thread-1] INFO Opened file: /home/cfdm/OpenFOAM_Opt/pitzDaily_opt/Tune_K_Epsilon/.smartsim/telemetry/manifest.json
2025-06-11 10:10:23,515 cfdm-MS-7A15 TelemetryMonitor[855016:Thread-1] INFO Modified file: /home/cfdm/OpenFOAM_Opt/pitzDaily_opt/Tune_K_Epsilon/.smartsim/telemetry/manifest.json
2025-06-11 10:10:23,529 cfdm-MS-7A15 TelemetryMonitor[855016:Thread-1] INFO Closed file: /home/cfdm/OpenFOAM_Opt/pitzDaily_opt/Tune_K_Epsilon/.smartsim/telemetry/manifest.json
2025-06-11 10:10:23,530 cfdm-MS-7A15 TelemetryMonitor[855016:Thread-1] INFO Modified directory: /home/cfdm/OpenFOAM_Opt/pitzDaily_opt/Tune_K_Epsilon/.smartsim/telemetry
2025-06-11 10:10:23,530 cfdm-MS-7A15 TelemetryMonitor[855016:Thread-1] INFO Opened file: /home/cfdm/OpenFOAM_Opt/pitzDaily_opt/Tune_K_Epsilon/.smartsim/telemetry/manifest.json
2025-06-11 10:10:26,491 cfdm-MS-7A15 TelemetryMonitor[855016:MainThread] INFO Cooldown 66.72% complete
2025-06-11 10:10:31,492 cfdm-MS-7A15 TelemetryMonitor[855016:MainThread] INFO Cooldown 72.28% complete
2025-06-11 10:10:34,597 cfdm-MS-7A15 TelemetryMonitor[855016:Thread-1] INFO Opened file: /home/cfdm/OpenFOAM_Opt/pitzDaily_opt/Tune_K_Epsilon/.smartsim/telemetry/manifest.json
2025-06-11 10:10:34,755 cfdm-MS-7A15 TelemetryMonitor[855016:Thread-1] INFO Modified file: /home/cfdm/OpenFOAM_Opt/pitzDaily_opt/Tune_K_Epsilon/.smartsim/telemetry/manifest.json
2025-06-11 10:10:34,880 cfdm-MS-7A15 TelemetryMonitor[855016:Thread-1] INFO Opened file: /home/cfdm/OpenFOAM_Opt/pitzDaily_opt/Tune_K_Epsilon/.smartsim/telemetry/manifest.json
2025-06-11 10:10:34,880 cfdm-MS-7A15 TelemetryMonitor[855016:Thread-1] INFO Modified file: /home/cfdm/OpenFOAM_Opt/pitzDaily_opt/Tune_K_Epsilon/.smartsim/telemetry/manifest.json
2025-06-11 10:10:34,894 cfdm-MS-7A15 TelemetryMonitor[855016:Thread-1] INFO Opened file: /home/cfdm/OpenFOAM_Opt/pitzDaily_opt/Tune_K_Epsilon/.smartsim/telemetry/manifest.json
2025-06-11 10:10:34,895 cfdm-MS-7A15 TelemetryMonitor[855016:Thread-1] INFO Modified file: /home/cfdm/OpenFOAM_Opt/pitzDaily_opt/Tune_K_Epsilon/.smartsim/telemetry/manifest.json
2025-06-11 10:10:34,909 cfdm-MS-7A15 TelemetryMonitor[855016:Thread-1] INFO Closed file: /home/cfdm/OpenFOAM_Opt/pitzDaily_opt/Tune_K_Epsilon/.smartsim/telemetry/manifest.json
2025-06-11 10:10:34,909 cfdm-MS-7A15 TelemetryMonitor[855016:Thread-1] INFO Modified directory: /home/cfdm/OpenFOAM_Opt/pitzDaily_opt/Tune_K_Epsilon/.smartsim/telemetry
2025-06-11 10:10:34,909 cfdm-MS-7A15 TelemetryMonitor[855016:Thread-1] INFO Opened file: /home/cfdm/OpenFOAM_Opt/pitzDaily_opt/Tune_K_Epsilon/.smartsim/telemetry/manifest.json
2025-06-11 10:10:36,497 cfdm-MS-7A15 TelemetryMonitor[855016:MainThread] INFO Cooldown 77.84% complete
2025-06-11 10:10:41,500 cfdm-MS-7A15 TelemetryMonitor[855016:MainThread] INFO Cooldown 83.40% complete
2025-06-11 10:10:45,641 cfdm-MS-7A15 TelemetryMonitor[855016:Thread-1] INFO Opened file: /home/cfdm/OpenFOAM_Opt/pitzDaily_opt/Tune_K_Epsilon/.smartsim/telemetry/manifest.json
2025-06-11 10:10:45,644 cfdm-MS-7A15 TelemetryMonitor[855016:Thread-1] INFO Modified file: /home/cfdm/OpenFOAM_Opt/pitzDaily_opt/Tune_K_Epsilon/.smartsim/telemetry/manifest.json
2025-06-11 10:10:45,771 cfdm-MS-7A15 TelemetryMonitor[855016:Thread-1] INFO Opened file: /home/cfdm/OpenFOAM_Opt/pitzDaily_opt/Tune_K_Epsilon/.smartsim/telemetry/manifest.json
2025-06-11 10:10:45,771 cfdm-MS-7A15 TelemetryMonitor[855016:Thread-1] INFO Modified file: /home/cfdm/OpenFOAM_Opt/pitzDaily_opt/Tune_K_Epsilon/.smartsim/telemetry/manifest.json
2025-06-11 10:10:45,786 cfdm-MS-7A15 TelemetryMonitor[855016:Thread-1] INFO Opened file: /home/cfdm/OpenFOAM_Opt/pitzDaily_opt/Tune_K_Epsilon/.smartsim/telemetry/manifest.json
2025-06-11 10:10:45,786 cfdm-MS-7A15 TelemetryMonitor[855016:Thread-1] INFO Modified file: /home/cfdm/OpenFOAM_Opt/pitzDaily_opt/Tune_K_Epsilon/.smartsim/telemetry/manifest.json
2025-06-11 10:10:45,806 cfdm-MS-7A15 TelemetryMonitor[855016:Thread-1] INFO Closed file: /home/cfdm/OpenFOAM_Opt/pitzDaily_opt/Tune_K_Epsilon/.smartsim/telemetry/manifest.json
2025-06-11 10:10:45,806 cfdm-MS-7A15 TelemetryMonitor[855016:Thread-1] INFO Modified directory: /home/cfdm/OpenFOAM_Opt/pitzDaily_opt/Tune_K_Epsilon/.smartsim/telemetry
2025-06-11 10:10:45,807 cfdm-MS-7A15 TelemetryMonitor[855016:Thread-1] INFO Opened file: /home/cfdm/OpenFOAM_Opt/pitzDaily_opt/Tune_K_Epsilon/.smartsim/telemetry/manifest.json
2025-06-11 10:10:46,505 cfdm-MS-7A15 TelemetryMonitor[855016:MainThread] INFO Cooldown 88.96% complete
2025-06-11 10:10:51,508 cfdm-MS-7A15 TelemetryMonitor[855016:MainThread] INFO Cooldown 94.52% complete
2025-06-11 10:10:56,512 cfdm-MS-7A15 TelemetryMonitor[855016:MainThread] INFO Cooldown complete. Beginning shutdown
2025-06-11 10:10:56,529 cfdm-MS-7A15 TelemetryMonitor[855016:MainThread] INFO Exiting telemetry monitor event loop
2025-06-11 10:10:56,529 cfdm-MS-7A15 TelemetryMonitor[855016:MainThread] INFO Telemetry monitor shutdown complete
2025-06-11 10:15:15,959 cfdm-MS-7A15 TelemetryMonitor[855669:MainThread] INFO Executing telemetry monitor
2025-06-11 10:15:15,959 cfdm-MS-7A15 TelemetryMonitor[855669:MainThread] INFO Polling frequency: 5.0s
2025-06-11 10:15:15,959 cfdm-MS-7A15 TelemetryMonitor[855669:MainThread] INFO Experiment directory: /home/cfdm/OpenFOAM_Opt/pitzDaily_opt/Tune_K_Epsilon
2025-06-11 10:15:15,959 cfdm-MS-7A15 TelemetryMonitor[855669:MainThread] INFO Telemetry output: /home/cfdm/OpenFOAM_Opt/pitzDaily_opt/Tune_K_Epsilon/.smartsim/telemetry
2025-06-11 10:15:20,986 cfdm-MS-7A15 TelemetryMonitor[855669:MainThread] INFO Cooldown 5.56% complete
2025-06-11 10:15:25,991 cfdm-MS-7A15 TelemetryMonitor[855669:MainThread] INFO Cooldown 11.12% complete
2025-06-11 10:15:30,997 cfdm-MS-7A15 TelemetryMonitor[855669:MainThread] INFO Cooldown 16.69% complete
2025-06-11 10:15:36,000 cfdm-MS-7A15 TelemetryMonitor[855669:MainThread] INFO Cooldown 22.25% complete
2025-06-11 10:15:41,005 cfdm-MS-7A15 TelemetryMonitor[855669:MainThread] INFO Cooldown 27.81% complete
2025-06-11 10:15:46,009 cfdm-MS-7A15 TelemetryMonitor[855669:MainThread] INFO Cooldown 33.37% complete
2025-06-11 10:15:51,013 cfdm-MS-7A15 TelemetryMonitor[855669:MainThread] INFO Cooldown 38.93% complete
2025-06-11 10:15:56,017 cfdm-MS-7A15 TelemetryMonitor[855669:MainThread] INFO Cooldown 44.49% complete
2025-06-11 10:16:01,020 cfdm-MS-7A15 TelemetryMonitor[855669:MainThread] INFO Cooldown 50.05% complete
2025-06-11 10:16:03,498 cfdm-MS-7A15 TelemetryMonitor[855669:Thread-1] INFO Opened file: /home/cfdm/OpenFOAM_Opt/pitzDaily_opt/Tune_K_Epsilon/.smartsim/telemetry/manifest.json
2025-06-11 10:16:03,501 cfdm-MS-7A15 TelemetryMonitor[855669:Thread-1] INFO Modified file: /home/cfdm/OpenFOAM_Opt/pitzDaily_opt/Tune_K_Epsilon/.smartsim/telemetry/manifest.json
2025-06-11 10:16:03,634 cfdm-MS-7A15 TelemetryMonitor[855669:Thread-1] INFO Opened file: /home/cfdm/OpenFOAM_Opt/pitzDaily_opt/Tune_K_Epsilon/.smartsim/telemetry/manifest.json
2025-06-11 10:16:03,634 cfdm-MS-7A15 TelemetryMonitor[855669:Thread-1] INFO Modified file: /home/cfdm/OpenFOAM_Opt/pitzDaily_opt/Tune_K_Epsilon/.smartsim/telemetry/manifest.json
2025-06-11 10:16:03,653 cfdm-MS-7A15 TelemetryMonitor[855669:Thread-1] INFO Opened file: /home/cfdm/OpenFOAM_Opt/pitzDaily_opt/Tune_K_Epsilon/.smartsim/telemetry/manifest.json
2025-06-11 10:16:03,653 cfdm-MS-7A15 TelemetryMonitor[855669:Thread-1] INFO Modified file: /home/cfdm/OpenFOAM_Opt/pitzDaily_opt/Tune_K_Epsilon/.smartsim/telemetry/manifest.json
2025-06-11 10:16:03,693 cfdm-MS-7A15 TelemetryMonitor[855669:Thread-1] INFO Closed file: /home/cfdm/OpenFOAM_Opt/pitzDaily_opt/Tune_K_Epsilon/.smartsim/telemetry/manifest.json
2025-06-11 10:16:03,694 cfdm-MS-7A15 TelemetryMonitor[855669:Thread-1] INFO Modified directory: /home/cfdm/OpenFOAM_Opt/pitzDaily_opt/Tune_K_Epsilon/.smartsim/telemetry
2025-06-11 10:16:03,694 cfdm-MS-7A15 TelemetryMonitor[855669:Thread-1] INFO Opened file: /home/cfdm/OpenFOAM_Opt/pitzDaily_opt/Tune_K_Epsilon/.smartsim/telemetry/manifest.json
2025-06-11 10:16:06,025 cfdm-MS-7A15 TelemetryMonitor[855669:MainThread] INFO Cooldown 55.61% complete
2025-06-11 10:16:11,029 cfdm-MS-7A15 TelemetryMonitor[855669:MainThread] INFO Cooldown 61.17% complete
2025-06-11 10:16:12,526 cfdm-MS-7A15 TelemetryMonitor[855669:Thread-1] INFO Opened file: /home/cfdm/OpenFOAM_Opt/pitzDaily_opt/Tune_K_Epsilon/.smartsim/telemetry/manifest.json
2025-06-11 10:16:12,527 cfdm-MS-7A15 TelemetryMonitor[855669:Thread-1] INFO Modified file: /home/cfdm/OpenFOAM_Opt/pitzDaily_opt/Tune_K_Epsilon/.smartsim/telemetry/manifest.json
2025-06-11 10:16:12,654 cfdm-MS-7A15 TelemetryMonitor[855669:Thread-1] INFO Opened file: /home/cfdm/OpenFOAM_Opt/pitzDaily_opt/Tune_K_Epsilon/.smartsim/telemetry/manifest.json
2025-06-11 10:16:12,654 cfdm-MS-7A15 TelemetryMonitor[855669:Thread-1] INFO Modified file: /home/cfdm/OpenFOAM_Opt/pitzDaily_opt/Tune_K_Epsilon/.smartsim/telemetry/manifest.json
2025-06-11 10:16:12,671 cfdm-MS-7A15 TelemetryMonitor[855669:Thread-1] INFO Opened file: /home/cfdm/OpenFOAM_Opt/pitzDaily_opt/Tune_K_Epsilon/.smartsim/telemetry/manifest.json
2025-06-11 10:16:12,671 cfdm-MS-7A15 TelemetryMonitor[855669:Thread-1] INFO Modified file: /home/cfdm/OpenFOAM_Opt/pitzDaily_opt/Tune_K_Epsilon/.smartsim/telemetry/manifest.json
2025-06-11 10:16:12,686 cfdm-MS-7A15 TelemetryMonitor[855669:Thread-1] INFO Closed file: /home/cfdm/OpenFOAM_Opt/pitzDaily_opt/Tune_K_Epsilon/.smartsim/telemetry/manifest.json
2025-06-11 10:16:12,686 cfdm-MS-7A15 TelemetryMonitor[855669:Thread-1] INFO Modified directory: /home/cfdm/OpenFOAM_Opt/pitzDaily_opt/Tune_K_Epsilon/.smartsim/telemetry
2025-06-11 10:16:12,686 cfdm-MS-7A15 TelemetryMonitor[855669:Thread-1] INFO Opened file: /home/cfdm/OpenFOAM_Opt/pitzDaily_opt/Tune_K_Epsilon/.smartsim/telemetry/manifest.json
2025-06-11 10:16:16,033 cfdm-MS-7A15 TelemetryMonitor[855669:MainThread] INFO Cooldown 66.73% complete
2025-06-11 10:16:21,036 cfdm-MS-7A15 TelemetryMonitor[855669:MainThread] INFO Cooldown 72.29% complete
2025-06-11 10:16:22,285 cfdm-MS-7A15 TelemetryMonitor[855669:Thread-1] INFO Opened file: /home/cfdm/OpenFOAM_Opt/pitzDaily_opt/Tune_K_Epsilon/.smartsim/telemetry/manifest.json
2025-06-11 10:16:22,285 cfdm-MS-7A15 TelemetryMonitor[855669:Thread-1] INFO Modified file: /home/cfdm/OpenFOAM_Opt/pitzDaily_opt/Tune_K_Epsilon/.smartsim/telemetry/manifest.json
2025-06-11 10:16:22,667 cfdm-MS-7A15 TelemetryMonitor[855669:Thread-1] INFO Opened file: /home/cfdm/OpenFOAM_Opt/pitzDaily_opt/Tune_K_Epsilon/.smartsim/telemetry/manifest.json
2025-06-11 10:16:22,667 cfdm-MS-7A15 TelemetryMonitor[855669:Thread-1] INFO Modified file: /home/cfdm/OpenFOAM_Opt/pitzDaily_opt/Tune_K_Epsilon/.smartsim/telemetry/manifest.json
2025-06-11 10:16:22,683 cfdm-MS-7A15 TelemetryMonitor[855669:Thread-1] INFO Opened file: /home/cfdm/OpenFOAM_Opt/pitzDaily_opt/Tune_K_Epsilon/.smartsim/telemetry/manifest.json
2025-06-11 10:16:22,683 cfdm-MS-7A15 TelemetryMonitor[855669:Thread-1] INFO Modified file: /home/cfdm/OpenFOAM_Opt/pitzDaily_opt/Tune_K_Epsilon/.smartsim/telemetry/manifest.json
2025-06-11 10:16:22,698 cfdm-MS-7A15 TelemetryMonitor[855669:Thread-1] INFO Closed file: /home/cfdm/OpenFOAM_Opt/pitzDaily_opt/Tune_K_Epsilon/.smartsim/telemetry/manifest.json
2025-06-11 10:16:22,698 cfdm-MS-7A15 TelemetryMonitor[855669:Thread-1] INFO Modified directory: /home/cfdm/OpenFOAM_Opt/pitzDaily_opt/Tune_K_Epsilon/.smartsim/telemetry
2025-06-11 10:16:22,698 cfdm-MS-7A15 TelemetryMonitor[855669:Thread-1] INFO Opened file: /home/cfdm/OpenFOAM_Opt/pitzDaily_opt/Tune_K_Epsilon/.smartsim/telemetry/manifest.json
2025-06-11 10:16:26,041 cfdm-MS-7A15 TelemetryMonitor[855669:MainThread] INFO Cooldown 77.85% complete
2025-06-11 10:16:31,044 cfdm-MS-7A15 TelemetryMonitor[855669:MainThread] INFO Cooldown 83.41% complete
2025-06-11 10:16:32,440 cfdm-MS-7A15 TelemetryMonitor[855669:Thread-1] INFO Opened file: /home/cfdm/OpenFOAM_Opt/pitzDaily_opt/Tune_K_Epsilon/.smartsim/telemetry/manifest.json
2025-06-11 10:16:32,443 cfdm-MS-7A15 TelemetryMonitor[855669:Thread-1] INFO Modified file: /home/cfdm/OpenFOAM_Opt/pitzDaily_opt/Tune_K_Epsilon/.smartsim/telemetry/manifest.json
2025-06-11 10:16:32,571 cfdm-MS-7A15 TelemetryMonitor[855669:Thread-1] INFO Opened file: /home/cfdm/OpenFOAM_Opt/pitzDaily_opt/Tune_K_Epsilon/.smartsim/telemetry/manifest.json
2025-06-11 10:16:32,572 cfdm-MS-7A15 TelemetryMonitor[855669:Thread-1] INFO Modified file: /home/cfdm/OpenFOAM_Opt/pitzDaily_opt/Tune_K_Epsilon/.smartsim/telemetry/manifest.json
2025-06-11 10:16:32,586 cfdm-MS-7A15 TelemetryMonitor[855669:Thread-1] INFO Opened file: /home/cfdm/OpenFOAM_Opt/pitzDaily_opt/Tune_K_Epsilon/.smartsim/telemetry/manifest.json
2025-06-11 10:16:32,587 cfdm-MS-7A15 TelemetryMonitor[855669:Thread-1] INFO Modified file: /home/cfdm/OpenFOAM_Opt/pitzDaily_opt/Tune_K_Epsilon/.smartsim/telemetry/manifest.json
2025-06-11 10:16:32,601 cfdm-MS-7A15 TelemetryMonitor[855669:Thread-1] INFO Closed file: /home/cfdm/OpenFOAM_Opt/pitzDaily_opt/Tune_K_Epsilon/.smartsim/telemetry/manifest.json
2025-06-11 10:16:32,601 cfdm-MS-7A15 TelemetryMonitor[855669:Thread-1] INFO Modified directory: /home/cfdm/OpenFOAM_Opt/pitzDaily_opt/Tune_K_Epsilon/.smartsim/telemetry
2025-06-11 10:16:32,601 cfdm-MS-7A15 TelemetryMonitor[855669:Thread-1] INFO Opened file: /home/cfdm/OpenFOAM_Opt/pitzDaily_opt/Tune_K_Epsilon/.smartsim/telemetry/manifest.json
2025-06-11 10:16:36,049 cfdm-MS-7A15 TelemetryMonitor[855669:MainThread] INFO Cooldown 88.97% complete
2025-06-11 10:16:41,052 cfdm-MS-7A15 TelemetryMonitor[855669:MainThread] INFO Cooldown 94.53% complete
2025-06-11 10:16:42,367 cfdm-MS-7A15 TelemetryMonitor[855669:Thread-1] INFO Opened file: /home/cfdm/OpenFOAM_Opt/pitzDaily_opt/Tune_K_Epsilon/.smartsim/telemetry/manifest.json
2025-06-11 10:16:42,369 cfdm-MS-7A15 TelemetryMonitor[855669:Thread-1] INFO Modified file: /home/cfdm/OpenFOAM_Opt/pitzDaily_opt/Tune_K_Epsilon/.smartsim/telemetry/manifest.json
2025-06-11 10:16:42,497 cfdm-MS-7A15 TelemetryMonitor[855669:Thread-1] INFO Opened file: /home/cfdm/OpenFOAM_Opt/pitzDaily_opt/Tune_K_Epsilon/.smartsim/telemetry/manifest.json
2025-06-11 10:16:42,497 cfdm-MS-7A15 TelemetryMonitor[855669:Thread-1] INFO Modified file: /home/cfdm/OpenFOAM_Opt/pitzDaily_opt/Tune_K_Epsilon/.smartsim/telemetry/manifest.json
2025-06-11 10:16:42,535 cfdm-MS-7A15 TelemetryMonitor[855669:Thread-1] INFO Opened file: /home/cfdm/OpenFOAM_Opt/pitzDaily_opt/Tune_K_Epsilon/.smartsim/telemetry/manifest.json
2025-06-11 10:16:42,536 cfdm-MS-7A15 TelemetryMonitor[855669:Thread-1] INFO Modified file: /home/cfdm/OpenFOAM_Opt/pitzDaily_opt/Tune_K_Epsilon/.smartsim/telemetry/manifest.json
2025-06-11 10:16:42,551 cfdm-MS-7A15 TelemetryMonitor[855669:Thread-1] INFO Closed file: /home/cfdm/OpenFOAM_Opt/pitzDaily_opt/Tune_K_Epsilon/.smartsim/telemetry/manifest.json
2025-06-11 10:16:42,551 cfdm-MS-7A15 TelemetryMonitor[855669:Thread-1] INFO Modified directory: /home/cfdm/OpenFOAM_Opt/pitzDaily_opt/Tune_K_Epsilon/.smartsim/telemetry
2025-06-11 10:16:42,551 cfdm-MS-7A15 TelemetryMonitor[855669:Thread-1] INFO Opened file: /home/cfdm/OpenFOAM_Opt/pitzDaily_opt/Tune_K_Epsilon/.smartsim/telemetry/manifest.json
2025-06-11 10:16:46,057 cfdm-MS-7A15 TelemetryMonitor[855669:MainThread] INFO Cooldown complete. Beginning shutdown
2025-06-11 10:16:46,073 cfdm-MS-7A15 TelemetryMonitor[855669:MainThread] INFO Exiting telemetry monitor event loop
2025-06-11 10:16:46,073 cfdm-MS-7A15 TelemetryMonitor[855669:MainThread] INFO Telemetry monitor shutdown complete
