----------- Running Command ----------
COMMAND: /home/cfdm/anaconda3/envs/clean_bo_env/lib/python3.10/site-packages/smartsim/_core/bin/redis-server /home/cfdm/anaconda3/envs/clean_bo_env/lib/python3.10/site-packages/smartsim/_core/config/redis.conf --loadmodule /home/cfdm/anaconda3/envs/clean_bo_env/lib/python3.10/site-packages/smartsim/_core/lib/redisai.so --port 8010 --bind 127.0.0.1 --bind-source-addr 127.0.0.1
IPADDRESS: 127.0.0.1
NETWORK: lo
SMARTSIM_ORC_SHARD_INFO: {"name": "orchestrator_0", "hostname": "127.0.0.1", "port": 8010, "cluster": false}
--------------------------------------

--------------- Output ---------------


1102023:C 23 Jun 2025 17:02:33.685 * oO0OoO0OoO0Oo Redis is starting oO0OoO0OoO0Oo
1102023:C 23 Jun 2025 17:02:33.685 * Redis version=7.2.4, bits=64, commit=d2c8a4b9, modified=0, pid=1102023, just started
1102023:C 23 Jun 2025 17:02:33.685 * Configuration loaded
1102023:M 23 Jun 2025 17:02:33.685 * Increased maximum number of open files to 50032 (it was originally set to 1024).
1102023:M 23 Jun 2025 17:02:33.685 * monotonic clock: POSIX clock_gettime
1102023:M 23 Jun 2025 17:02:33.686 # Failed to write PID file: Permission denied
                _._
           _.-``__ ''-._
      _.-``    `.  `_.  ''-._           Redis 7.2.4 (d2c8a4b9/0) 64 bit
  .-`` .-```.  ```\/    _.,_ ''-._
 (    '      ,       .-`  | `,    )     Running in standalone mode
 |`-._`-...-` __...-.``-._|'` _.-'|     Port: 8010
 |    `-._   `._    /     _.-'    |     PID: 1102023
  `-._    `-._  `-./  _.-'    _.-'
 |`-._`-._    `-.__.-'    _.-'_.-'|
 |    `-._`-._        _.-'_.-'    |           https://redis.io
  `-._    `-._`-.__.-'_.-'    _.-'
 |`-._`-._    `-.__.-'    _.-'_.-'|
 |    `-._`-._        _.-'_.-'    |
  `-._    `-._`-.__.-'_.-'    _.-'
      `-._    `-.__.-'    _.-'
          `-._        _.-'
              `-.__.-'

1102023:M 23 Jun 2025 17:02:33.687 * <ai> Redis version found by RedisAI: 7.2.4 - oss
1102023:M 23 Jun 2025 17:02:33.687 * <ai> RedisAI version 10207, git_sha=unknown
1102023:M 23 Jun 2025 17:02:33.687 * Module 'ai' loaded from /home/cfdm/anaconda3/envs/clean_bo_env/lib/python3.10/site-packages/smartsim/_core/lib/redisai.so
1102023:M 23 Jun 2025 17:02:33.687 * Server initialized
1102023:M 23 Jun 2025 17:02:33.687 * Ready to accept connections tcp
1102023:signal-handler (1750678363) Received SIGINT scheduling shutdown...
1102023:signal-handler (1750678363) Received SIGTERM scheduling shutdown...
1102023:signal-handler (1750678363) Received SIGTERM scheduling shutdown...
