----------- Running Command ----------
COMMAND: /home/cfdm/anaconda3/envs/clean_bo_env/lib/python3.10/site-packages/smartsim/_core/bin/redis-server /home/cfdm/anaconda3/envs/clean_bo_env/lib/python3.10/site-packages/smartsim/_core/config/redis.conf --loadmodule /home/cfdm/anaconda3/envs/clean_bo_env/lib/python3.10/site-packages/smartsim/_core/lib/redisai.so --port 8010 --bind 127.0.0.1 --bind-source-addr 127.0.0.1
IPADDRESS: 127.0.0.1
NETWORK: lo
SMARTSIM_ORC_SHARD_INFO: {"name": "orchestrator_0", "hostname": "127.0.0.1", "port": 8010, "cluster": false}
--------------------------------------

--------------- Output ---------------


1100843:C 23 Jun 2025 16:26:04.117 * oO0OoO0OoO0Oo Redis is starting oO0OoO0OoO0Oo
1100843:C 23 Jun 2025 16:26:04.117 * Redis version=7.2.4, bits=64, commit=d2c8a4b9, modified=0, pid=1100843, just started
1100843:C 23 Jun 2025 16:26:04.117 * Configuration loaded
1100843:M 23 Jun 2025 16:26:04.117 * Increased maximum number of open files to 50032 (it was originally set to 1024).
1100843:M 23 Jun 2025 16:26:04.117 * monotonic clock: POSIX clock_gettime
1100843:M 23 Jun 2025 16:26:04.119 # Failed to write PID file: Permission denied
                _._
           _.-``__ ''-._
      _.-``    `.  `_.  ''-._           Redis 7.2.4 (d2c8a4b9/0) 64 bit
  .-`` .-```.  ```\/    _.,_ ''-._
 (    '      ,       .-`  | `,    )     Running in standalone mode
 |`-._`-...-` __...-.``-._|'` _.-'|     Port: 8010
 |    `-._   `._    /     _.-'    |     PID: 1100843
  `-._    `-._  `-./  _.-'    _.-'
 |`-._`-._    `-.__.-'    _.-'_.-'|
 |    `-._`-._        _.-'_.-'    |           https://redis.io
  `-._    `-._`-.__.-'_.-'    _.-'
 |`-._`-._    `-.__.-'    _.-'_.-'|
 |    `-._`-._        _.-'_.-'    |
  `-._    `-._`-.__.-'_.-'    _.-'
      `-._    `-.__.-'    _.-'
          `-._        _.-'
              `-.__.-'

1100843:M 23 Jun 2025 16:26:04.119 * <ai> Redis version found by RedisAI: 7.2.4 - oss
1100843:M 23 Jun 2025 16:26:04.119 * <ai> RedisAI version 10207, git_sha=unknown
1100843:M 23 Jun 2025 16:26:04.120 * Module 'ai' loaded from /home/cfdm/anaconda3/envs/clean_bo_env/lib/python3.10/site-packages/smartsim/_core/lib/redisai.so
1100843:M 23 Jun 2025 16:26:04.120 * Server initialized
1100843:M 23 Jun 2025 16:26:04.120 * Ready to accept connections tcp
1100843:M 23 Jun 2025 16:26:26.455 * User requested shutdown...
1100843:M 23 Jun 2025 16:26:26.455 * <ai> Clearing resources on shutdown
1100843:M 23 Jun 2025 16:26:26.455 * Removing the pid file.
1100843:M 23 Jun 2025 16:26:26.455 # Redis is now ready to exit, bye bye...
