----------- Running Command ----------
COMMAND: /home/cfdm/anaconda3/envs/smartsim_conda/lib/python3.10/site-packages/smartsim/_core/bin/redis-server /home/cfdm/anaconda3/envs/smartsim_conda/lib/python3.10/site-packages/smartsim/_core/config/redis.conf --loadmodule /home/cfdm/anaconda3/envs/smartsim_conda/lib/python3.10/site-packages/smartsim/_core/lib/redisai.so --port 8000 --bind 127.0.0.1 --bind-source-addr 127.0.0.1
IPADDRESS: 127.0.0.1
NETWORK: lo
SMARTSIM_ORC_SHARD_INFO: {"name": "orchestrator_0", "hostname": "127.0.0.1", "port": 8000, "cluster": false}
--------------------------------------

--------------- Output ---------------


575752:C 26 May 2025 12:02:56.412 # WARNING Memory overcommit must be enabled! Without it, a background save or replication may fail under low memory condition. To fix this issue add 'vm.overcommit_memory = 1' to /etc/sysctl.conf and then reboot or run the command 'sysctl vm.overcommit_memory=1' for this to take effect.
575752:C 26 May 2025 12:02:56.413 * oO0OoO0OoO0Oo Redis is starting oO0OoO0OoO0Oo
575752:C 26 May 2025 12:02:56.413 * Redis version=7.2.4, bits=64, commit=d2c8a4b9, modified=0, pid=575752, just started
575752:C 26 May 2025 12:02:56.413 * Configuration loaded
575752:M 26 May 2025 12:02:56.414 * Increased maximum number of open files to 50032 (it was originally set to 4096).
575752:M 26 May 2025 12:02:56.415 * monotonic clock: POSIX clock_gettime
575752:M 26 May 2025 12:02:56.419 # Failed to write PID file: Permission denied
                _._
           _.-``__ ''-._
      _.-``    `.  `_.  ''-._           Redis 7.2.4 (d2c8a4b9/0) 64 bit
  .-`` .-```.  ```\/    _.,_ ''-._
 (    '      ,       .-`  | `,    )     Running in standalone mode
 |`-._`-...-` __...-.``-._|'` _.-'|     Port: 8000
 |    `-._   `._    /     _.-'    |     PID: 575752
  `-._    `-._  `-./  _.-'    _.-'
 |`-._`-._    `-.__.-'    _.-'_.-'|
 |    `-._`-._        _.-'_.-'    |           https://redis.io
  `-._    `-._`-.__.-'_.-'    _.-'
 |`-._`-._    `-.__.-'    _.-'_.-'|
 |    `-._`-._        _.-'_.-'    |
  `-._    `-._`-.__.-'_.-'    _.-'
      `-._    `-.__.-'    _.-'
          `-._        _.-'
              `-.__.-'

575752:M 26 May 2025 12:02:56.430 * <ai> Redis version found by RedisAI: 7.2.4 - oss
575752:M 26 May 2025 12:02:56.430 * <ai> RedisAI version 10207, git_sha=unknown
575752:M 26 May 2025 12:02:56.431 * Module 'ai' loaded from /home/cfdm/anaconda3/envs/smartsim_conda/lib/python3.10/site-packages/smartsim/_core/lib/redisai.so
575752:M 26 May 2025 12:02:56.432 * Server initialized
575752:M 26 May 2025 12:02:56.432 * Ready to accept connections tcp
575752:signal-handler (1748241190) Received SIGTERM scheduling shutdown...
575752:signal-handler (1748241190) You insist... exiting now.
