----------- Running Command ----------
COMMAND: /home/cfdm/anaconda3/envs/smartsim_conda/lib/python3.10/site-packages/smartsim/_core/bin/redis-server /home/cfdm/anaconda3/envs/smartsim_conda/lib/python3.10/site-packages/smartsim/_core/config/redis.conf --loadmodule /home/cfdm/anaconda3/envs/smartsim_conda/lib/python3.10/site-packages/smartsim/_core/lib/redisai.so --port 8000 --bind 127.0.0.1 --bind-source-addr 127.0.0.1
IPADDRESS: 127.0.0.1
NETWORK: lo
SMARTSIM_ORC_SHARD_INFO: {"name": "orchestrator_0", "hostname": "127.0.0.1", "port": 8000, "cluster": false}
--------------------------------------

--------------- Output ---------------


608689:C 27 May 2025 17:22:19.802 # WARNING Memory overcommit must be enabled! Without it, a background save or replication may fail under low memory condition. To fix this issue add 'vm.overcommit_memory = 1' to /etc/sysctl.conf and then reboot or run the command 'sysctl vm.overcommit_memory=1' for this to take effect.
608689:C 27 May 2025 17:22:19.803 * oO0OoO0OoO0Oo Redis is starting oO0OoO0OoO0Oo
608689:C 27 May 2025 17:22:19.803 * Redis version=7.2.4, bits=64, commit=d2c8a4b9, modified=0, pid=608689, just started
608689:C 27 May 2025 17:22:19.803 * Configuration loaded
608689:M 27 May 2025 17:22:19.803 * Increased maximum number of open files to 50032 (it was originally set to 4096).
608689:M 27 May 2025 17:22:19.803 * monotonic clock: POSIX clock_gettime
608689:M 27 May 2025 17:22:19.804 # Failed to write PID file: Permission denied
                _._
           _.-``__ ''-._
      _.-``    `.  `_.  ''-._           Redis 7.2.4 (d2c8a4b9/0) 64 bit
  .-`` .-```.  ```\/    _.,_ ''-._
 (    '      ,       .-`  | `,    )     Running in standalone mode
 |`-._`-...-` __...-.``-._|'` _.-'|     Port: 8000
 |    `-._   `._    /     _.-'    |     PID: 608689
  `-._    `-._  `-./  _.-'    _.-'
 |`-._`-._    `-.__.-'    _.-'_.-'|
 |    `-._`-._        _.-'_.-'    |           https://redis.io
  `-._    `-._`-.__.-'_.-'    _.-'
 |`-._`-._    `-.__.-'    _.-'_.-'|
 |    `-._`-._        _.-'_.-'    |
  `-._    `-._`-.__.-'_.-'    _.-'
      `-._    `-.__.-'    _.-'
          `-._        _.-'
              `-.__.-'

608689:M 27 May 2025 17:22:19.805 * <ai> Redis version found by RedisAI: 7.2.4 - oss
608689:M 27 May 2025 17:22:19.805 * <ai> RedisAI version 10207, git_sha=unknown
608689:M 27 May 2025 17:22:19.805 * Module 'ai' loaded from /home/cfdm/anaconda3/envs/smartsim_conda/lib/python3.10/site-packages/smartsim/_core/lib/redisai.so
608689:M 27 May 2025 17:22:19.805 * Server initialized
608689:M 27 May 2025 17:22:19.805 * Ready to accept connections tcp
608689:M 27 May 2025 17:23:23.651 * User requested shutdown...
608689:M 27 May 2025 17:23:23.651 * <ai> Clearing resources on shutdown
608689:M 27 May 2025 17:23:23.651 * Removing the pid file.
608689:M 27 May 2025 17:23:23.651 # Redis is now ready to exit, bye bye...
