----------- Running Command ----------
COMMAND: /home/cfdm/anaconda3/envs/smartsim_conda/lib/python3.10/site-packages/smartsim/_core/bin/redis-server /home/cfdm/anaconda3/envs/smartsim_conda/lib/python3.10/site-packages/smartsim/_core/config/redis.conf --loadmodule /home/cfdm/anaconda3/envs/smartsim_conda/lib/python3.10/site-packages/smartsim/_core/lib/redisai.so --port 8000 --bind 127.0.0.1 --bind-source-addr 127.0.0.1
IPADDRESS: 127.0.0.1
NETWORK: lo
SMARTSIM_ORC_SHARD_INFO: {"name": "orchestrator_0", "hostname": "127.0.0.1", "port": 8000, "cluster": false}
--------------------------------------

--------------- Output ---------------


624730:C 28 May 2025 15:22:53.845 # WARNING Memory overcommit must be enabled! Without it, a background save or replication may fail under low memory condition. To fix this issue add 'vm.overcommit_memory = 1' to /etc/sysctl.conf and then reboot or run the command 'sysctl vm.overcommit_memory=1' for this to take effect.
624730:C 28 May 2025 15:22:53.845 * oO0OoO0OoO0Oo Redis is starting oO0OoO0OoO0Oo
624730:C 28 May 2025 15:22:53.845 * Redis version=7.2.4, bits=64, commit=d2c8a4b9, modified=0, pid=624730, just started
624730:C 28 May 2025 15:22:53.845 * Configuration loaded
624730:M 28 May 2025 15:22:53.845 * Increased maximum number of open files to 50032 (it was originally set to 4096).
624730:M 28 May 2025 15:22:53.845 * monotonic clock: POSIX clock_gettime
624730:M 28 May 2025 15:22:53.846 # Failed to write PID file: Permission denied
                _._
           _.-``__ ''-._
      _.-``    `.  `_.  ''-._           Redis 7.2.4 (d2c8a4b9/0) 64 bit
  .-`` .-```.  ```\/    _.,_ ''-._
 (    '      ,       .-`  | `,    )     Running in standalone mode
 |`-._`-...-` __...-.``-._|'` _.-'|     Port: 8000
 |    `-._   `._    /     _.-'    |     PID: 624730
  `-._    `-._  `-./  _.-'    _.-'
 |`-._`-._    `-.__.-'    _.-'_.-'|
 |    `-._`-._        _.-'_.-'    |           https://redis.io
  `-._    `-._`-.__.-'_.-'    _.-'
 |`-._`-._    `-.__.-'    _.-'_.-'|
 |    `-._`-._        _.-'_.-'    |
  `-._    `-._`-.__.-'_.-'    _.-'
      `-._    `-.__.-'    _.-'
          `-._        _.-'
              `-.__.-'

624730:M 28 May 2025 15:22:53.847 * <ai> Redis version found by RedisAI: 7.2.4 - oss
624730:M 28 May 2025 15:22:53.847 * <ai> RedisAI version 10207, git_sha=unknown
624730:M 28 May 2025 15:22:53.847 * Module 'ai' loaded from /home/cfdm/anaconda3/envs/smartsim_conda/lib/python3.10/site-packages/smartsim/_core/lib/redisai.so
624730:M 28 May 2025 15:22:53.847 * Server initialized
624730:M 28 May 2025 15:22:53.847 * Ready to accept connections tcp
624730:M 28 May 2025 15:51:21.132 * User requested shutdown...
624730:M 28 May 2025 15:51:21.132 * <ai> Clearing resources on shutdown
624730:M 28 May 2025 15:51:21.132 * Removing the pid file.
624730:M 28 May 2025 15:51:21.132 # Redis is now ready to exit, bye bye...
