----------- Running Command ----------
COMMAND: /home/cfdm/anaconda3/envs/smartsim_conda/lib/python3.10/site-packages/smartsim/_core/bin/redis-server /home/cfdm/anaconda3/envs/smartsim_conda/lib/python3.10/site-packages/smartsim/_core/config/redis.conf --loadmodule /home/cfdm/anaconda3/envs/smartsim_conda/lib/python3.10/site-packages/smartsim/_core/lib/redisai.so --port 8000 --bind 127.0.0.1 --bind-source-addr 127.0.0.1
IPADDRESS: 127.0.0.1
NETWORK: lo
SMARTSIM_ORC_SHARD_INFO: {"name": "orchestrator_0", "hostname": "127.0.0.1", "port": 8000, "cluster": false}
--------------------------------------

--------------- Output ---------------


678749:C 31 May 2025 15:11:16.441 # WARNING Memory overcommit must be enabled! Without it, a background save or replication may fail under low memory condition. To fix this issue add 'vm.overcommit_memory = 1' to /etc/sysctl.conf and then reboot or run the command 'sysctl vm.overcommit_memory=1' for this to take effect.
678749:C 31 May 2025 15:11:16.441 * oO0OoO0OoO0Oo Redis is starting oO0OoO0OoO0Oo
678749:C 31 May 2025 15:11:16.441 * Redis version=7.2.4, bits=64, commit=d2c8a4b9, modified=0, pid=678749, just started
678749:C 31 May 2025 15:11:16.441 * Configuration loaded
678749:M 31 May 2025 15:11:16.443 * Increased maximum number of open files to 50032 (it was originally set to 4096).
678749:M 31 May 2025 15:11:16.443 * monotonic clock: POSIX clock_gettime
678749:M 31 May 2025 15:11:16.448 # Failed to write PID file: Permission denied
                _._
           _.-``__ ''-._
      _.-``    `.  `_.  ''-._           Redis 7.2.4 (d2c8a4b9/0) 64 bit
  .-`` .-```.  ```\/    _.,_ ''-._
 (    '      ,       .-`  | `,    )     Running in standalone mode
 |`-._`-...-` __...-.``-._|'` _.-'|     Port: 8000
 |    `-._   `._    /     _.-'    |     PID: 678749
  `-._    `-._  `-./  _.-'    _.-'
 |`-._`-._    `-.__.-'    _.-'_.-'|
 |    `-._`-._        _.-'_.-'    |           https://redis.io
  `-._    `-._`-.__.-'_.-'    _.-'
 |`-._`-._    `-.__.-'    _.-'_.-'|
 |    `-._`-._        _.-'_.-'    |
  `-._    `-._`-.__.-'_.-'    _.-'
      `-._    `-.__.-'    _.-'
          `-._        _.-'
              `-.__.-'

678749:M 31 May 2025 15:11:16.462 * <ai> Redis version found by RedisAI: 7.2.4 - oss
678749:M 31 May 2025 15:11:16.462 * <ai> RedisAI version 10207, git_sha=unknown
678749:M 31 May 2025 15:11:16.462 * Module 'ai' loaded from /home/cfdm/anaconda3/envs/smartsim_conda/lib/python3.10/site-packages/smartsim/_core/lib/redisai.so
678749:M 31 May 2025 15:11:16.463 * Server initialized
678749:M 31 May 2025 15:11:16.463 * Ready to accept connections tcp
678749:M 31 May 2025 15:13:24.817 * User requested shutdown...
678749:M 31 May 2025 15:13:24.817 * <ai> Clearing resources on shutdown
678749:M 31 May 2025 15:13:24.817 * Removing the pid file.
678749:M 31 May 2025 15:13:24.817 # Redis is now ready to exit, bye bye...
