----------- Running Command ----------
COMMAND: /home/cfdm/anaconda3/envs/smartsim_conda/lib/python3.10/site-packages/smartsim/_core/bin/redis-server /home/cfdm/anaconda3/envs/smartsim_conda/lib/python3.10/site-packages/smartsim/_core/config/redis.conf --loadmodule /home/cfdm/anaconda3/envs/smartsim_conda/lib/python3.10/site-packages/smartsim/_core/lib/redisai.so --port 8000 --bind 127.0.0.1 --bind-source-addr 127.0.0.1
IPADDRESS: 127.0.0.1
NETWORK: lo
SMARTSIM_ORC_SHARD_INFO: {"name": "orchestrator_0", "hostname": "127.0.0.1", "port": 8000, "cluster": false}
--------------------------------------

--------------- Output ---------------


654049:C 30 May 2025 11:09:27.508 # WARNING Memory overcommit must be enabled! Without it, a background save or replication may fail under low memory condition. To fix this issue add 'vm.overcommit_memory = 1' to /etc/sysctl.conf and then reboot or run the command 'sysctl vm.overcommit_memory=1' for this to take effect.
654049:C 30 May 2025 11:09:27.508 * oO0OoO0OoO0Oo Redis is starting oO0OoO0OoO0Oo
654049:C 30 May 2025 11:09:27.508 * Redis version=7.2.4, bits=64, commit=d2c8a4b9, modified=0, pid=654049, just started
654049:C 30 May 2025 11:09:27.508 * Configuration loaded
654049:M 30 May 2025 11:09:27.508 * Increased maximum number of open files to 50032 (it was originally set to 4096).
654049:M 30 May 2025 11:09:27.508 * monotonic clock: POSIX clock_gettime
654049:M 30 May 2025 11:09:27.510 # Failed to write PID file: Permission denied
                _._
           _.-``__ ''-._
      _.-``    `.  `_.  ''-._           Redis 7.2.4 (d2c8a4b9/0) 64 bit
  .-`` .-```.  ```\/    _.,_ ''-._
 (    '      ,       .-`  | `,    )     Running in standalone mode
 |`-._`-...-` __...-.``-._|'` _.-'|     Port: 8000
 |    `-._   `._    /     _.-'    |     PID: 654049
  `-._    `-._  `-./  _.-'    _.-'
 |`-._`-._    `-.__.-'    _.-'_.-'|
 |    `-._`-._        _.-'_.-'    |           https://redis.io
  `-._    `-._`-.__.-'_.-'    _.-'
 |`-._`-._    `-.__.-'    _.-'_.-'|
 |    `-._`-._        _.-'_.-'    |
  `-._    `-._`-.__.-'_.-'    _.-'
      `-._    `-.__.-'    _.-'
          `-._        _.-'
              `-.__.-'

654049:M 30 May 2025 11:09:27.510 * <ai> Redis version found by RedisAI: 7.2.4 - oss
654049:M 30 May 2025 11:09:27.510 * <ai> RedisAI version 10207, git_sha=unknown
654049:M 30 May 2025 11:09:27.510 * Module 'ai' loaded from /home/cfdm/anaconda3/envs/smartsim_conda/lib/python3.10/site-packages/smartsim/_core/lib/redisai.so
654049:M 30 May 2025 11:09:27.510 * Server initialized
654049:M 30 May 2025 11:09:27.510 * Ready to accept connections tcp
654049:M 30 May 2025 11:11:42.617 * User requested shutdown...
654049:M 30 May 2025 11:11:42.617 * <ai> Clearing resources on shutdown
654049:M 30 May 2025 11:11:42.617 * Removing the pid file.
654049:M 30 May 2025 11:11:42.617 # Redis is now ready to exit, bye bye...
