----------- Running Command ----------
COMMAND: /home/cfdm/anaconda3/envs/clean_bo_env/lib/python3.10/site-packages/smartsim/_core/bin/redis-server /home/cfdm/anaconda3/envs/clean_bo_env/lib/python3.10/site-packages/smartsim/_core/config/redis.conf --loadmodule /home/cfdm/anaconda3/envs/clean_bo_env/lib/python3.10/site-packages/smartsim/_core/lib/redisai.so --port 8010 --bind 127.0.0.1 --bind-source-addr 127.0.0.1
IPADDRESS: 127.0.0.1
NETWORK: lo
SMARTSIM_ORC_SHARD_INFO: {"name": "orchestrator_0", "hostname": "127.0.0.1", "port": 8010, "cluster": false}
--------------------------------------

--------------- Output ---------------


1101504:C 23 Jun 2025 16:41:01.675 * oO0OoO0OoO0Oo Redis is starting oO0OoO0OoO0Oo
1101504:C 23 Jun 2025 16:41:01.675 * Redis version=7.2.4, bits=64, commit=d2c8a4b9, modified=0, pid=1101504, just started
1101504:C 23 Jun 2025 16:41:01.675 * Configuration loaded
1101504:M 23 Jun 2025 16:41:01.676 * Increased maximum number of open files to 50032 (it was originally set to 1024).
1101504:M 23 Jun 2025 16:41:01.676 * monotonic clock: POSIX clock_gettime
1101504:M 23 Jun 2025 16:41:01.677 # Failed to write PID file: Permission denied
                _._
           _.-``__ ''-._
      _.-``    `.  `_.  ''-._           Redis 7.2.4 (d2c8a4b9/0) 64 bit
  .-`` .-```.  ```\/    _.,_ ''-._
 (    '      ,       .-`  | `,    )     Running in standalone mode
 |`-._`-...-` __...-.``-._|'` _.-'|     Port: 8010
 |    `-._   `._    /     _.-'    |     PID: 1101504
  `-._    `-._  `-./  _.-'    _.-'
 |`-._`-._    `-.__.-'    _.-'_.-'|
 |    `-._`-._        _.-'_.-'    |           https://redis.io
  `-._    `-._`-.__.-'_.-'    _.-'
 |`-._`-._    `-.__.-'    _.-'_.-'|
 |    `-._`-._        _.-'_.-'    |
  `-._    `-._`-.__.-'_.-'    _.-'
      `-._    `-.__.-'    _.-'
          `-._        _.-'
              `-.__.-'

1101504:M 23 Jun 2025 16:41:01.677 * <ai> Redis version found by RedisAI: 7.2.4 - oss
1101504:M 23 Jun 2025 16:41:01.677 * <ai> RedisAI version 10207, git_sha=unknown
1101504:M 23 Jun 2025 16:41:01.677 * Module 'ai' loaded from /home/cfdm/anaconda3/envs/clean_bo_env/lib/python3.10/site-packages/smartsim/_core/lib/redisai.so
1101504:M 23 Jun 2025 16:41:01.678 * Server initialized
1101504:M 23 Jun 2025 16:41:01.678 * Ready to accept connections tcp
1101504:M 23 Jun 2025 16:41:16.811 * User requested shutdown...
1101504:M 23 Jun 2025 16:41:16.811 * <ai> Clearing resources on shutdown
1101504:M 23 Jun 2025 16:41:16.811 * Removing the pid file.
1101504:M 23 Jun 2025 16:41:16.811 # Redis is now ready to exit, bye bye...
